<?xml version="1.0" encoding="UTF-8"?>
<testsuites name="pencarian toko" time="321.14" tests="17" failures="6" errors="0">
   <testsuite name="pencarian toko" tests="17" failures="6" errors="0" time="321.14" skipped="0" timestamp="2023-10-05 07:53:58" hostname="IRFAN - DESKTOP-H62FVJ8" id="Test Suites/pencarian toko/pencarian toko">
      <properties>
[...]
</properties>
      <testcase name="Test Cases/T05 Pencarian Toko/LA-001" time="26.946" classname="Test Cases/T05 Pencarian Toko/LA-001" status="PASSED">
         <system-out><![CDATA[2023-10-05 07:53:58 - [TEST_CASE][PASSED] - Test Cases/T05 Pencarian Toko/LA-001: Test Cases/T05 Pencarian Toko/LA-001

2023-10-05 07:53:59 - [TEST_STEP][PASSED] - openBrowser("https://10.9.2.63/ecommerce/administrator/"): Browser is opened with url: 'https://10.9.2.63/ecommerce/administrator/'

2023-10-05 07:53:59 - [MESSAGE][INFO] - Starting 'Firefox' driver

2023-10-05 07:53:59 - [MESSAGE][INFO] - Action delay is set to 0 milliseconds

2023-10-05 07:54:04 - [MESSAGE][PASSED] - Browser is opened with url: 'https://10.9.2.63/ecommerce/administrator/'

2023-10-05 07:54:04 - [TEST_STEP][PASSED] - maximizeWindow(): Current window maximized

2023-10-05 07:54:04 - [MESSAGE][PASSED] - Current window maximized

2023-10-05 07:54:04 - [TEST_STEP][PASSED] - verifyElementPresent(findTestObject("Login admin/Tittle ADMIN"), 0): Object 'Object Repository/Login admin/Tittle ADMIN' is present

2023-10-05 07:54:05 - [MESSAGE][WARNING] - Timeout '0' is invalid. Using default page load timeout: '30'

2023-10-05 07:54:05 - [MESSAGE][PASSED] - Object 'Object Repository/Login admin/Tittle ADMIN' is present

2023-10-05 07:54:05 - [TEST_STEP][PASSED] - setText(findTestObject("Login/input_Username, Email atau No. Handphone_a"), Username): Text 'admin' is set on object 'Object Repository/Login/input_Username, Email atau No. Handphone_a'

2023-10-05 07:54:06 - [MESSAGE][PASSED] - Text 'admin' is set on object 'Object Repository/Login/input_Username, Email atau No. Handphone_a'

2023-10-05 07:54:06 - [TEST_STEP][PASSED] - setText(findTestObject("Login/input_Password"), Password): Text '123admin123' is set on object 'Object Repository/Login/input_Password'

2023-10-05 07:54:06 - [MESSAGE][PASSED] - Text '123admin123' is set on object 'Object Repository/Login/input_Password'

2023-10-05 07:54:06 - [TEST_STEP][PASSED] - click(findTestObject("Login admin/buttom Remember Me")): Object: 'Object Repository/Login admin/buttom Remember Me' is clicked on

2023-10-05 07:54:07 - [MESSAGE][PASSED] - Object: 'Object Repository/Login admin/buttom Remember Me' is clicked on

2023-10-05 07:54:07 - [TEST_STEP][PASSED] - delay(10): Delayed 10 second(s)

2023-10-05 07:54:17 - [MESSAGE][PASSED] - Delayed 10 second(s)

2023-10-05 07:54:17 - [TEST_STEP][PASSED] - click(findTestObject("Login admin/buttom sign in")): Object: 'Object Repository/Login admin/buttom sign in' is clicked on

2023-10-05 07:54:18 - [MESSAGE][PASSED] - Object: 'Object Repository/Login admin/buttom sign in' is clicked on

2023-10-05 07:54:18 - [TEST_STEP][PASSED] - verifyElementPresent(findTestObject("Login admin/Tittle Dashboard"), 0): Object 'Object Repository/Login admin/Tittle Dashboard' is present

2023-10-05 07:54:18 - [MESSAGE][WARNING] - Timeout '0' is invalid. Using default page load timeout: '30'

2023-10-05 07:54:25 - [MESSAGE][PASSED] - Object 'Object Repository/Login admin/Tittle Dashboard' is present]]></system-out>
         <system-err><![CDATA[]]></system-err>
      </testcase>
      <testcase name="Test Cases/T05 Pencarian Toko/PT-001" time="9.34" classname="Test Cases/T05 Pencarian Toko/PT-001" status="PASSED">
         <system-out><![CDATA[2023-10-05 07:54:25 - [TEST_CASE][PASSED] - Test Cases/T05 Pencarian Toko/PT-001: Test Cases/T05 Pencarian Toko/PT-001

2023-10-05 07:54:25 - [TEST_STEP][PASSED] - openBrowser("https://10.9.2.63/ecommerce/"): Browser is opened with url: 'https://10.9.2.63/ecommerce/'

2023-10-05 07:54:25 - [MESSAGE][WARNING] - A browser is already opened. Closing browser and opening a new one

2023-10-05 07:54:26 - [MESSAGE][INFO] - Starting 'Firefox' driver

2023-10-05 07:54:26 - [MESSAGE][INFO] - Action delay is set to 0 milliseconds

2023-10-05 07:54:32 - [MESSAGE][PASSED] - Browser is opened with url: 'https://10.9.2.63/ecommerce/'

2023-10-05 07:54:32 - [TEST_STEP][PASSED] - maximizeWindow(): Current window maximized

2023-10-05 07:54:32 - [MESSAGE][PASSED] - Current window maximized

2023-10-05 07:54:32 - [TEST_STEP][PASSED] - verifyElementPresent(findTestObject("Login/Halaman Home"), 0): Object 'Object Repository/Login/Halaman Home' is present

2023-10-05 07:54:32 - [MESSAGE][WARNING] - Timeout '0' is invalid. Using default page load timeout: '30'

2023-10-05 07:54:32 - [MESSAGE][PASSED] - Object 'Object Repository/Login/Halaman Home' is present

2023-10-05 07:54:32 - [TEST_STEP][PASSED] - click(findTestObject("Menu Pencarian Toko/menu Shop")): Object: 'Object Repository/Menu Pencarian Toko/menu Shop' is clicked on

2023-10-05 07:54:32 - [MESSAGE][PASSED] - Object: 'Object Repository/Menu Pencarian Toko/menu Shop' is clicked on

2023-10-05 07:54:32 - [TEST_STEP][PASSED] - click(findTestObject("Menu Pencarian Toko/menu Shop")): Object: 'Object Repository/Menu Pencarian Toko/menu Shop' is clicked on

2023-10-05 07:54:33 - [MESSAGE][PASSED] - Object: 'Object Repository/Menu Pencarian Toko/menu Shop' is clicked on

2023-10-05 07:54:33 - [TEST_STEP][PASSED] - click(findTestObject("Menu Pencarian Toko/Menu Toko (Pelapak)")): Object: 'Object Repository/Menu Pencarian Toko/Menu Toko (Pelapak)' is clicked on

2023-10-05 07:54:34 - [MESSAGE][PASSED] - Object: 'Object Repository/Menu Pencarian Toko/Menu Toko (Pelapak)' is clicked on

2023-10-05 07:54:34 - [TEST_STEP][PASSED] - verifyElementPresent(findTestObject("Menu Pencarian Toko/Tittle Semua Toko"), 0): Object 'Object Repository/Menu Pencarian Toko/Tittle Semua Toko' is present

2023-10-05 07:54:34 - [MESSAGE][WARNING] - Timeout '0' is invalid. Using default page load timeout: '30'

2023-10-05 07:54:34 - [MESSAGE][PASSED] - Object 'Object Repository/Menu Pencarian Toko/Tittle Semua Toko' is present]]></system-out>
         <system-err><![CDATA[]]></system-err>
      </testcase>
      <testcase name="Test Cases/T05 Pencarian Toko/PT-002" time="11.846" classname="Test Cases/T05 Pencarian Toko/PT-002" status="PASSED">
         <system-out><![CDATA[2023-10-05 07:54:34 - [TEST_CASE][PASSED] - Test Cases/T05 Pencarian Toko/PT-002: Test Cases/T05 Pencarian Toko/PT-002

2023-10-05 07:54:35 - [TEST_STEP][PASSED] - callTestCase(findTestCase("T05 Pencarian Toko/PT-001"), [:], STOP_ON_FAILURE): Call Test Case 'Test Cases/T05 Pencarian Toko/PT-001' successfully

2023-10-05 07:54:35 - [TEST_CASE][PASSED] - Test Cases/T05 Pencarian Toko/PT-001: Test Cases/T05 Pencarian Toko/PT-001

2023-10-05 07:54:35 - [TEST_STEP][PASSED] - openBrowser("https://10.9.2.63/ecommerce/"): Browser is opened with url: 'https://10.9.2.63/ecommerce/'

2023-10-05 07:54:35 - [MESSAGE][WARNING] - A browser is already opened. Closing browser and opening a new one

2023-10-05 07:54:36 - [MESSAGE][INFO] - Starting 'Firefox' driver

2023-10-05 07:54:36 - [MESSAGE][INFO] - Action delay is set to 0 milliseconds

2023-10-05 07:54:41 - [MESSAGE][PASSED] - Browser is opened with url: 'https://10.9.2.63/ecommerce/'

2023-10-05 07:54:41 - [TEST_STEP][PASSED] - maximizeWindow(): Current window maximized

2023-10-05 07:54:41 - [MESSAGE][PASSED] - Current window maximized

2023-10-05 07:54:41 - [TEST_STEP][PASSED] - verifyElementPresent(findTestObject("Login/Halaman Home"), 0): Object 'Object Repository/Login/Halaman Home' is present

2023-10-05 07:54:41 - [MESSAGE][WARNING] - Timeout '0' is invalid. Using default page load timeout: '30'

2023-10-05 07:54:42 - [MESSAGE][PASSED] - Object 'Object Repository/Login/Halaman Home' is present

2023-10-05 07:54:42 - [TEST_STEP][PASSED] - click(findTestObject("Menu Pencarian Toko/menu Shop")): Object: 'Object Repository/Menu Pencarian Toko/menu Shop' is clicked on

2023-10-05 07:54:42 - [MESSAGE][PASSED] - Object: 'Object Repository/Menu Pencarian Toko/menu Shop' is clicked on

2023-10-05 07:54:42 - [TEST_STEP][PASSED] - click(findTestObject("Menu Pencarian Toko/menu Shop")): Object: 'Object Repository/Menu Pencarian Toko/menu Shop' is clicked on

2023-10-05 07:54:43 - [MESSAGE][PASSED] - Object: 'Object Repository/Menu Pencarian Toko/menu Shop' is clicked on

2023-10-05 07:54:43 - [TEST_STEP][PASSED] - click(findTestObject("Menu Pencarian Toko/Menu Toko (Pelapak)")): Object: 'Object Repository/Menu Pencarian Toko/Menu Toko (Pelapak)' is clicked on

2023-10-05 07:54:44 - [MESSAGE][PASSED] - Object: 'Object Repository/Menu Pencarian Toko/Menu Toko (Pelapak)' is clicked on

2023-10-05 07:54:44 - [TEST_STEP][PASSED] - verifyElementPresent(findTestObject("Menu Pencarian Toko/Tittle Semua Toko"), 0): Object 'Object Repository/Menu Pencarian Toko/Tittle Semua Toko' is present

2023-10-05 07:54:44 - [MESSAGE][WARNING] - Timeout '0' is invalid. Using default page load timeout: '30'

2023-10-05 07:54:44 - [MESSAGE][PASSED] - Object 'Object Repository/Menu Pencarian Toko/Tittle Semua Toko' is present

2023-10-05 07:54:44 - [MESSAGE][PASSED] - Call Test Case 'Test Cases/T05 Pencarian Toko/PT-001' successfully

2023-10-05 07:54:44 - [TEST_STEP][PASSED] - setText(findTestObject("Fitur search/input_Semua Toko_cari_reseller"), nama_toko): Text 'Kerupuk husna' is set on object 'Object Repository/Fitur search/input_Semua Toko_cari_reseller'

2023-10-05 07:54:45 - [MESSAGE][PASSED] - Text 'Kerupuk husna' is set on object 'Object Repository/Fitur search/input_Semua Toko_cari_reseller'

2023-10-05 07:54:45 - [TEST_STEP][PASSED] - click(findTestObject("Fitur search/button_Semua Toko_submit")): Object: 'Object Repository/Fitur search/button_Semua Toko_submit' is clicked on

2023-10-05 07:54:46 - [MESSAGE][PASSED] - Object: 'Object Repository/Fitur search/button_Semua Toko_submit' is clicked on

2023-10-05 07:54:46 - [TEST_STEP][PASSED] - nama_toko1 = text: null

2023-10-05 07:54:46 - [TEST_STEP][PASSED] - nama_toko2 = nama_toko1.substring(9, nama_toko1.size()): null

2023-10-05 07:54:46 - [TEST_STEP][PASSED] - assert trim().equalsIgnoreCase(nama_toko2.trim()): null]]></system-out>
         <system-err><![CDATA[]]></system-err>
      </testcase>
      <testcase name="Test Cases/T05 Pencarian Toko/PT-003" time="11.833" classname="Test Cases/T05 Pencarian Toko/PT-003" status="PASSED">
         <system-out><![CDATA[2023-10-05 07:54:46 - [TEST_CASE][PASSED] - Test Cases/T05 Pencarian Toko/PT-003: Test Cases/T05 Pencarian Toko/PT-003

2023-10-05 07:54:47 - [TEST_STEP][PASSED] - callTestCase(findTestCase("T05 Pencarian Toko/PT-001"), [:], STOP_ON_FAILURE): Call Test Case 'Test Cases/T05 Pencarian Toko/PT-001' successfully

2023-10-05 07:54:47 - [TEST_CASE][PASSED] - Test Cases/T05 Pencarian Toko/PT-001: Test Cases/T05 Pencarian Toko/PT-001

2023-10-05 07:54:47 - [TEST_STEP][PASSED] - openBrowser("https://10.9.2.63/ecommerce/"): Browser is opened with url: 'https://10.9.2.63/ecommerce/'

2023-10-05 07:54:47 - [MESSAGE][WARNING] - A browser is already opened. Closing browser and opening a new one

2023-10-05 07:54:48 - [MESSAGE][INFO] - Starting 'Firefox' driver

2023-10-05 07:54:48 - [MESSAGE][INFO] - Action delay is set to 0 milliseconds

2023-10-05 07:54:53 - [MESSAGE][PASSED] - Browser is opened with url: 'https://10.9.2.63/ecommerce/'

2023-10-05 07:54:53 - [TEST_STEP][PASSED] - maximizeWindow(): Current window maximized

2023-10-05 07:54:53 - [MESSAGE][PASSED] - Current window maximized

2023-10-05 07:54:53 - [TEST_STEP][PASSED] - verifyElementPresent(findTestObject("Login/Halaman Home"), 0): Object 'Object Repository/Login/Halaman Home' is present

2023-10-05 07:54:53 - [MESSAGE][WARNING] - Timeout '0' is invalid. Using default page load timeout: '30'

2023-10-05 07:54:53 - [MESSAGE][PASSED] - Object 'Object Repository/Login/Halaman Home' is present

2023-10-05 07:54:53 - [TEST_STEP][PASSED] - click(findTestObject("Menu Pencarian Toko/menu Shop")): Object: 'Object Repository/Menu Pencarian Toko/menu Shop' is clicked on

2023-10-05 07:54:54 - [MESSAGE][PASSED] - Object: 'Object Repository/Menu Pencarian Toko/menu Shop' is clicked on

2023-10-05 07:54:54 - [TEST_STEP][PASSED] - click(findTestObject("Menu Pencarian Toko/menu Shop")): Object: 'Object Repository/Menu Pencarian Toko/menu Shop' is clicked on

2023-10-05 07:54:54 - [MESSAGE][PASSED] - Object: 'Object Repository/Menu Pencarian Toko/menu Shop' is clicked on

2023-10-05 07:54:54 - [TEST_STEP][PASSED] - click(findTestObject("Menu Pencarian Toko/Menu Toko (Pelapak)")): Object: 'Object Repository/Menu Pencarian Toko/Menu Toko (Pelapak)' is clicked on

2023-10-05 07:54:55 - [MESSAGE][PASSED] - Object: 'Object Repository/Menu Pencarian Toko/Menu Toko (Pelapak)' is clicked on

2023-10-05 07:54:55 - [TEST_STEP][PASSED] - verifyElementPresent(findTestObject("Menu Pencarian Toko/Tittle Semua Toko"), 0): Object 'Object Repository/Menu Pencarian Toko/Tittle Semua Toko' is present

2023-10-05 07:54:55 - [MESSAGE][WARNING] - Timeout '0' is invalid. Using default page load timeout: '30'

2023-10-05 07:54:56 - [MESSAGE][PASSED] - Object 'Object Repository/Menu Pencarian Toko/Tittle Semua Toko' is present

2023-10-05 07:54:56 - [MESSAGE][PASSED] - Call Test Case 'Test Cases/T05 Pencarian Toko/PT-001' successfully

2023-10-05 07:54:56 - [TEST_STEP][PASSED] - setText(findTestObject("Fitur search/input_Semua Toko_cari_reseller"), "Mataram, Kota Mataram"): Text 'Mataram, Kota Mataram' is set on object 'Object Repository/Fitur search/input_Semua Toko_cari_reseller'

2023-10-05 07:54:56 - [MESSAGE][PASSED] - Text 'Mataram, Kota Mataram' is set on object 'Object Repository/Fitur search/input_Semua Toko_cari_reseller'

2023-10-05 07:54:56 - [TEST_STEP][PASSED] - click(findTestObject("Fitur search/button_Semua Toko_submit")): Object: 'Object Repository/Fitur search/button_Semua Toko_submit' is clicked on

2023-10-05 07:54:57 - [MESSAGE][PASSED] - Object: 'Object Repository/Fitur search/button_Semua Toko_submit' is clicked on

2023-10-05 07:54:57 - [TEST_STEP][PASSED] - verifyElementText(findTestObject("Fitur search/Regional Mataram,  Kota Mataram"), "Mataram, Kota Mataram"): Actual text and expected text of test object 'Object Repository/Fitur search/Regional Mataram,  Kota Mataram' are matched.

2023-10-05 07:54:58 - [MESSAGE][PASSED] - Actual text and expected text of test object 'Object Repository/Fitur search/Regional Mataram,  Kota Mataram' are matched.]]></system-out>
         <system-err><![CDATA[]]></system-err>
      </testcase>
      <testcase name="Test Cases/T05 Pencarian Toko/PT-004" time="12.635" classname="Test Cases/T05 Pencarian Toko/PT-004" status="FAILED">
         <failure type="FAILED" message="Test Cases/T05 Pencarian Toko/PT-004 FAILED.
Reason:
com.kms.katalon.core.exception.StepFailedException: Verify element text of test object 'Object Repository/Fitur search/Massage error' FAILED.
	at com.kms.katalon.core.webui.keyword.internal.WebUIKeywordMain.stepFailed(WebUIKeywordMain.groovy:64)
	at com.kms.katalon.core.webui.keyword.internal.WebUIKeywordMain.runKeyword(WebUIKeywordMain.groovy:26)
	at com.kms.katalon.core.webui.keyword.builtin.VerifyElementTextKeyword.verifyElementText(VerifyElementTextKeyword.groovy:72)
	at com.kms.katalon.core.webui.keyword.builtin.VerifyElementTextKeyword.execute(VerifyElementTextKeyword.groovy:40)
	at com.kms.katalon.core.keyword.internal.KeywordExecutor.executeKeywordForPlatform(KeywordExecutor.groovy:74)
	at com.kms.katalon.core.webui.keyword.WebUiBuiltInKeywords.verifyElementText(WebUiBuiltInKeywords.groovy:4749)
	at com.kms.katalon.core.webui.keyword.WebUiBuiltInKeywords$verifyElementText$5.call(Unknown Source)
	at PT-004.run(PT-004:26)
	at com.kms.katalon.core.main.ScriptEngine.run(ScriptEngine.java:194)
	at com.kms.katalon.core.main.ScriptEngine.runScriptAsRawText(ScriptEngine.java:119)
	at com.kms.katalon.core.main.TestCaseExecutor.runScript(TestCaseExecutor.java:448)
	at com.kms.katalon.core.main.TestCaseExecutor.doExecute(TestCaseExecutor.java:439)
	at com.kms.katalon.core.main.TestCaseExecutor.processExecutionPhase(TestCaseExecutor.java:418)
	at com.kms.katalon.core.main.TestCaseExecutor.accessMainPhase(TestCaseExecutor.java:410)
	at com.kms.katalon.core.main.TestCaseExecutor.execute(TestCaseExecutor.java:285)
	at com.kms.katalon.core.common.CommonExecutor.accessTestCaseMainPhase(CommonExecutor.java:65)
	at com.kms.katalon.core.main.TestSuiteExecutor.accessTestSuiteMainPhase(TestSuiteExecutor.java:148)
	at com.kms.katalon.core.main.TestSuiteExecutor.execute(TestSuiteExecutor.java:106)
	at com.kms.katalon.core.main.TestCaseMain.startTestSuite(TestCaseMain.java:187)
	at com.kms.katalon.core.main.TestCaseMain$startTestSuite$0.call(Unknown Source)
	at TempTestSuite1696467235645.run(TempTestSuite1696467235645.groovy:36)
Caused by: com.kms.katalon.core.exception.StepFailedException: Actual text '12>' and expected text ' isikan Nama toko yang benar' of test object 'Object Repository/Fitur search/Massage error' are NOT matched.
	at com.kms.katalon.core.webui.keyword.internal.WebUIKeywordMain.stepFailed(WebUIKeywordMain.groovy:64)
	at com.kms.katalon.core.webui.keyword.builtin.VerifyElementTextKeyword$_verifyElementText_closure1.doCall(VerifyElementTextKeyword.groovy:57)
	at com.kms.katalon.core.webui.keyword.builtin.VerifyElementTextKeyword$_verifyElementText_closure1.call(VerifyElementTextKeyword.groovy)
	at com.kms.katalon.core.webui.keyword.internal.WebUIKeywordMain.runKeyword(WebUIKeywordMain.groovy:20)
	... 19 more
"/>
         <system-out><![CDATA[2023-10-05 07:54:58 - [TEST_CASE][FAILED] - Test Cases/T05 Pencarian Toko/PT-004: Test Cases/T05 Pencarian Toko/PT-004 FAILED.
Reason:
com.kms.katalon.core.exception.StepFailedException: Verify element text of test object 'Object Repository/Fitur search/Massage error' FAILED.
	at com.kms.katalon.core.webui.keyword.internal.WebUIKeywordMain.stepFailed(WebUIKeywordMain.groovy:64)
	at com.kms.katalon.core.webui.keyword.internal.WebUIKeywordMain.runKeyword(WebUIKeywordMain.groovy:26)
	at com.kms.katalon.core.webui.keyword.builtin.VerifyElementTextKeyword.verifyElementText(VerifyElementTextKeyword.groovy:72)
	at com.kms.katalon.core.webui.keyword.builtin.VerifyElementTextKeyword.execute(VerifyElementTextKeyword.groovy:40)
	at com.kms.katalon.core.keyword.internal.KeywordExecutor.executeKeywordForPlatform(KeywordExecutor.groovy:74)
	at com.kms.katalon.core.webui.keyword.WebUiBuiltInKeywords.verifyElementText(WebUiBuiltInKeywords.groovy:4749)
	at com.kms.katalon.core.webui.keyword.WebUiBuiltInKeywords$verifyElementText$5.call(Unknown Source)
	at PT-004.run(PT-004:26)
	at com.kms.katalon.core.main.ScriptEngine.run(ScriptEngine.java:194)
	at com.kms.katalon.core.main.ScriptEngine.runScriptAsRawText(ScriptEngine.java:119)
	at com.kms.katalon.core.main.TestCaseExecutor.runScript(TestCaseExecutor.java:448)
	at com.kms.katalon.core.main.TestCaseExecutor.doExecute(TestCaseExecutor.java:439)
	at com.kms.katalon.core.main.TestCaseExecutor.processExecutionPhase(TestCaseExecutor.java:418)
	at com.kms.katalon.core.main.TestCaseExecutor.accessMainPhase(TestCaseExecutor.java:410)
	at com.kms.katalon.core.main.TestCaseExecutor.execute(TestCaseExecutor.java:285)
	at com.kms.katalon.core.common.CommonExecutor.accessTestCaseMainPhase(CommonExecutor.java:65)
	at com.kms.katalon.core.main.TestSuiteExecutor.accessTestSuiteMainPhase(TestSuiteExecutor.java:148)
	at com.kms.katalon.core.main.TestSuiteExecutor.execute(TestSuiteExecutor.java:106)
	at com.kms.katalon.core.main.TestCaseMain.startTestSuite(TestCaseMain.java:187)
	at com.kms.katalon.core.main.TestCaseMain$startTestSuite$0.call(Unknown Source)
	at TempTestSuite1696467235645.run(TempTestSuite1696467235645.groovy:36)
Caused by: com.kms.katalon.core.exception.StepFailedException: Actual text '12>' and expected text ' isikan Nama toko yang benar' of test object 'Object Repository/Fitur search/Massage error' are NOT matched.
	at com.kms.katalon.core.webui.keyword.internal.WebUIKeywordMain.stepFailed(WebUIKeywordMain.groovy:64)
	at com.kms.katalon.core.webui.keyword.builtin.VerifyElementTextKeyword$_verifyElementText_closure1.doCall(VerifyElementTextKeyword.groovy:57)
	at com.kms.katalon.core.webui.keyword.builtin.VerifyElementTextKeyword$_verifyElementText_closure1.call(VerifyElementTextKeyword.groovy)
	at com.kms.katalon.core.webui.keyword.internal.WebUIKeywordMain.runKeyword(WebUIKeywordMain.groovy:20)
	... 19 more


2023-10-05 07:54:58 - [TEST_STEP][PASSED] - callTestCase(findTestCase("T05 Pencarian Toko/PT-001"), [:], STOP_ON_FAILURE): Call Test Case 'Test Cases/T05 Pencarian Toko/PT-001' successfully

2023-10-05 07:54:59 - [TEST_CASE][PASSED] - Test Cases/T05 Pencarian Toko/PT-001: Test Cases/T05 Pencarian Toko/PT-001

2023-10-05 07:54:59 - [TEST_STEP][PASSED] - openBrowser("https://10.9.2.63/ecommerce/"): Browser is opened with url: 'https://10.9.2.63/ecommerce/'

2023-10-05 07:54:59 - [MESSAGE][WARNING] - A browser is already opened. Closing browser and opening a new one

2023-10-05 07:55:00 - [MESSAGE][INFO] - Starting 'Firefox' driver

2023-10-05 07:55:00 - [MESSAGE][INFO] - Action delay is set to 0 milliseconds

2023-10-05 07:55:05 - [MESSAGE][PASSED] - Browser is opened with url: 'https://10.9.2.63/ecommerce/'

2023-10-05 07:55:05 - [TEST_STEP][PASSED] - maximizeWindow(): Current window maximized

2023-10-05 07:55:05 - [MESSAGE][PASSED] - Current window maximized

2023-10-05 07:55:05 - [TEST_STEP][PASSED] - verifyElementPresent(findTestObject("Login/Halaman Home"), 0): Object 'Object Repository/Login/Halaman Home' is present

2023-10-05 07:55:05 - [MESSAGE][WARNING] - Timeout '0' is invalid. Using default page load timeout: '30'

2023-10-05 07:55:05 - [MESSAGE][PASSED] - Object 'Object Repository/Login/Halaman Home' is present

2023-10-05 07:55:05 - [TEST_STEP][PASSED] - click(findTestObject("Menu Pencarian Toko/menu Shop")): Object: 'Object Repository/Menu Pencarian Toko/menu Shop' is clicked on

2023-10-05 07:55:06 - [MESSAGE][PASSED] - Object: 'Object Repository/Menu Pencarian Toko/menu Shop' is clicked on

2023-10-05 07:55:06 - [TEST_STEP][PASSED] - click(findTestObject("Menu Pencarian Toko/menu Shop")): Object: 'Object Repository/Menu Pencarian Toko/menu Shop' is clicked on

2023-10-05 07:55:06 - [MESSAGE][PASSED] - Object: 'Object Repository/Menu Pencarian Toko/menu Shop' is clicked on

2023-10-05 07:55:06 - [TEST_STEP][PASSED] - click(findTestObject("Menu Pencarian Toko/Menu Toko (Pelapak)")): Object: 'Object Repository/Menu Pencarian Toko/Menu Toko (Pelapak)' is clicked on

2023-10-05 07:55:08 - [MESSAGE][PASSED] - Object: 'Object Repository/Menu Pencarian Toko/Menu Toko (Pelapak)' is clicked on

2023-10-05 07:55:08 - [TEST_STEP][PASSED] - verifyElementPresent(findTestObject("Menu Pencarian Toko/Tittle Semua Toko"), 0): Object 'Object Repository/Menu Pencarian Toko/Tittle Semua Toko' is present

2023-10-05 07:55:08 - [MESSAGE][WARNING] - Timeout '0' is invalid. Using default page load timeout: '30'

2023-10-05 07:55:09 - [MESSAGE][PASSED] - Object 'Object Repository/Menu Pencarian Toko/Tittle Semua Toko' is present

2023-10-05 07:55:09 - [MESSAGE][PASSED] - Call Test Case 'Test Cases/T05 Pencarian Toko/PT-001' successfully

2023-10-05 07:55:09 - [TEST_STEP][PASSED] - setText(findTestObject("Fitur search/input_Semua Toko_cari_reseller"), "asadac12"): Text 'asadac12' is set on object 'Object Repository/Fitur search/input_Semua Toko_cari_reseller'

2023-10-05 07:55:09 - [MESSAGE][PASSED] - Text 'asadac12' is set on object 'Object Repository/Fitur search/input_Semua Toko_cari_reseller'

2023-10-05 07:55:09 - [TEST_STEP][PASSED] - click(findTestObject("Fitur search/button_Semua Toko_submit")): Object: 'Object Repository/Fitur search/button_Semua Toko_submit' is clicked on

2023-10-05 07:55:10 - [MESSAGE][PASSED] - Object: 'Object Repository/Fitur search/button_Semua Toko_submit' is clicked on

2023-10-05 07:55:10 - [TEST_STEP][FAILED] - verifyElementText(findTestObject("Fitur search/Massage error"), " isikan Nama toko yang benar"): Verify element text of test object 'Object Repository/Fitur search/Massage error' FAILED. (Root cause: com.kms.katalon.core.exception.StepFailedException: Verify element text of test object 'Object Repository/Fitur search/Massage error' FAILED.
	at com.kms.katalon.core.webui.keyword.internal.WebUIKeywordMain.stepFailed(WebUIKeywordMain.groovy:64)
	at com.kms.katalon.core.webui.keyword.internal.WebUIKeywordMain.runKeyword(WebUIKeywordMain.groovy:26)
	at com.kms.katalon.core.webui.keyword.builtin.VerifyElementTextKeyword.verifyElementText(VerifyElementTextKeyword.groovy:72)
	at com.kms.katalon.core.webui.keyword.builtin.VerifyElementTextKeyword.execute(VerifyElementTextKeyword.groovy:40)
	at com.kms.katalon.core.keyword.internal.KeywordExecutor.executeKeywordForPlatform(KeywordExecutor.groovy:74)
	at com.kms.katalon.core.webui.keyword.WebUiBuiltInKeywords.verifyElementText(WebUiBuiltInKeywords.groovy:4749)
	at com.kms.katalon.core.webui.keyword.WebUiBuiltInKeywords$verifyElementText$5.call(Unknown Source)
	at PT-004.run(PT-004:26)
	at com.kms.katalon.core.main.ScriptEngine.run(ScriptEngine.java:194)
	at com.kms.katalon.core.main.ScriptEngine.runScriptAsRawText(ScriptEngine.java:119)
	at com.kms.katalon.core.main.TestCaseExecutor.runScript(TestCaseExecutor.java:448)
	at com.kms.katalon.core.main.TestCaseExecutor.doExecute(TestCaseExecutor.java:439)
	at com.kms.katalon.core.main.TestCaseExecutor.processExecutionPhase(TestCaseExecutor.java:418)
	at com.kms.katalon.core.main.TestCaseExecutor.accessMainPhase(TestCaseExecutor.java:410)
	at com.kms.katalon.core.main.TestCaseExecutor.execute(TestCaseExecutor.java:285)
	at com.kms.katalon.core.common.CommonExecutor.accessTestCaseMainPhase(CommonExecutor.java:65)
	at com.kms.katalon.core.main.TestSuiteExecutor.accessTestSuiteMainPhase(TestSuiteExecutor.java:148)
	at com.kms.katalon.core.main.TestSuiteExecutor.execute(TestSuiteExecutor.java:106)
	at com.kms.katalon.core.main.TestCaseMain.startTestSuite(TestCaseMain.java:187)
	at com.kms.katalon.core.main.TestCaseMain$startTestSuite$0.call(Unknown Source)
	at TempTestSuite1696467235645.run(TempTestSuite1696467235645.groovy:36)
Caused by: com.kms.katalon.core.exception.StepFailedException: Actual text '12>' and expected text ' isikan Nama toko yang benar' of test object 'Object Repository/Fitur search/Massage error' are NOT matched.
	at com.kms.katalon.core.webui.keyword.internal.WebUIKeywordMain.stepFailed(WebUIKeywordMain.groovy:64)
	at com.kms.katalon.core.webui.keyword.builtin.VerifyElementTextKeyword$_verifyElementText_closure1.doCall(VerifyElementTextKeyword.groovy:57)
	at com.kms.katalon.core.webui.keyword.builtin.VerifyElementTextKeyword$_verifyElementText_closure1.call(VerifyElementTextKeyword.groovy)
	at com.kms.katalon.core.webui.keyword.internal.WebUIKeywordMain.runKeyword(WebUIKeywordMain.groovy:20)
	... 19 more
)

2023-10-05 07:55:11 - [MESSAGE][FAILED] - Actual text '12>' and expected text ' isikan Nama toko yang benar' of test object 'Object Repository/Fitur search/Massage error' are NOT matched. (Root cause: com.kms.katalon.core.exception.StepFailedException: Actual text '12>' and expected text ' isikan Nama toko yang benar' of test object 'Object Repository/Fitur search/Massage error' are NOT matched.
	at com.kms.katalon.core.webui.keyword.internal.WebUIKeywordMain.stepFailed(WebUIKeywordMain.groovy:64)
	at com.kms.katalon.core.webui.keyword.builtin.VerifyElementTextKeyword$_verifyElementText_closure1.doCall(VerifyElementTextKeyword.groovy:57)
	at com.kms.katalon.core.webui.keyword.builtin.VerifyElementTextKeyword$_verifyElementText_closure1.call(VerifyElementTextKeyword.groovy)
	at com.kms.katalon.core.webui.keyword.internal.WebUIKeywordMain.runKeyword(WebUIKeywordMain.groovy:20)
	at com.kms.katalon.core.webui.keyword.builtin.VerifyElementTextKeyword.verifyElementText(VerifyElementTextKeyword.groovy:72)
	at com.kms.katalon.core.webui.keyword.builtin.VerifyElementTextKeyword.execute(VerifyElementTextKeyword.groovy:40)
	at com.kms.katalon.core.keyword.internal.KeywordExecutor.executeKeywordForPlatform(KeywordExecutor.groovy:74)
	at com.kms.katalon.core.webui.keyword.WebUiBuiltInKeywords.verifyElementText(WebUiBuiltInKeywords.groovy:4749)
	at com.kms.katalon.core.webui.keyword.WebUiBuiltInKeywords$verifyElementText$5.call(Unknown Source)
	at PT-004.run(PT-004:26)
	at com.kms.katalon.core.main.ScriptEngine.run(ScriptEngine.java:194)
	at com.kms.katalon.core.main.ScriptEngine.runScriptAsRawText(ScriptEngine.java:119)
	at com.kms.katalon.core.main.TestCaseExecutor.runScript(TestCaseExecutor.java:448)
	at com.kms.katalon.core.main.TestCaseExecutor.doExecute(TestCaseExecutor.java:439)
	at com.kms.katalon.core.main.TestCaseExecutor.processExecutionPhase(TestCaseExecutor.java:418)
	at com.kms.katalon.core.main.TestCaseExecutor.accessMainPhase(TestCaseExecutor.java:410)
	at com.kms.katalon.core.main.TestCaseExecutor.execute(TestCaseExecutor.java:285)
	at com.kms.katalon.core.common.CommonExecutor.accessTestCaseMainPhase(CommonExecutor.java:65)
	at com.kms.katalon.core.main.TestSuiteExecutor.accessTestSuiteMainPhase(TestSuiteExecutor.java:148)
	at com.kms.katalon.core.main.TestSuiteExecutor.execute(TestSuiteExecutor.java:106)
	at com.kms.katalon.core.main.TestCaseMain.startTestSuite(TestCaseMain.java:187)
	at com.kms.katalon.core.main.TestCaseMain$startTestSuite$0.call(Unknown Source)
	at TempTestSuite1696467235645.run(TempTestSuite1696467235645.groovy:36)
)
[[ATTACHMENT|C:\\FT2 XSIS\\Projek Eval 2 Tajalapak dan administrator\\Reports\\20231005_075354\\pencarian toko\\pencarian toko\\20231005_075355\\1696467311215.png]]

2023-10-05 07:55:11 - [MESSAGE][FAILED] - Verify element text of test object 'Object Repository/Fitur search/Massage error' FAILED. (Root cause: com.kms.katalon.core.exception.StepFailedException: Verify element text of test object 'Object Repository/Fitur search/Massage error' FAILED.
	at com.kms.katalon.core.webui.keyword.internal.WebUIKeywordMain.stepFailed(WebUIKeywordMain.groovy:64)
	at com.kms.katalon.core.webui.keyword.internal.WebUIKeywordMain.runKeyword(WebUIKeywordMain.groovy:26)
	at com.kms.katalon.core.webui.keyword.builtin.VerifyElementTextKeyword.verifyElementText(VerifyElementTextKeyword.groovy:72)
	at com.kms.katalon.core.webui.keyword.builtin.VerifyElementTextKeyword.execute(VerifyElementTextKeyword.groovy:40)
	at com.kms.katalon.core.keyword.internal.KeywordExecutor.executeKeywordForPlatform(KeywordExecutor.groovy:74)
	at com.kms.katalon.core.webui.keyword.WebUiBuiltInKeywords.verifyElementText(WebUiBuiltInKeywords.groovy:4749)
	at com.kms.katalon.core.webui.keyword.WebUiBuiltInKeywords$verifyElementText$5.call(Unknown Source)
	at PT-004.run(PT-004:26)
	at com.kms.katalon.core.main.ScriptEngine.run(ScriptEngine.java:194)
	at com.kms.katalon.core.main.ScriptEngine.runScriptAsRawText(ScriptEngine.java:119)
	at com.kms.katalon.core.main.TestCaseExecutor.runScript(TestCaseExecutor.java:448)
	at com.kms.katalon.core.main.TestCaseExecutor.doExecute(TestCaseExecutor.java:439)
	at com.kms.katalon.core.main.TestCaseExecutor.processExecutionPhase(TestCaseExecutor.java:418)
	at com.kms.katalon.core.main.TestCaseExecutor.accessMainPhase(TestCaseExecutor.java:410)
	at com.kms.katalon.core.main.TestCaseExecutor.execute(TestCaseExecutor.java:285)
	at com.kms.katalon.core.common.CommonExecutor.accessTestCaseMainPhase(CommonExecutor.java:65)
	at com.kms.katalon.core.main.TestSuiteExecutor.accessTestSuiteMainPhase(TestSuiteExecutor.java:148)
	at com.kms.katalon.core.main.TestSuiteExecutor.execute(TestSuiteExecutor.java:106)
	at com.kms.katalon.core.main.TestCaseMain.startTestSuite(TestCaseMain.java:187)
	at com.kms.katalon.core.main.TestCaseMain$startTestSuite$0.call(Unknown Source)
	at TempTestSuite1696467235645.run(TempTestSuite1696467235645.groovy:36)
Caused by: com.kms.katalon.core.exception.StepFailedException: Actual text '12>' and expected text ' isikan Nama toko yang benar' of test object 'Object Repository/Fitur search/Massage error' are NOT matched.
	at com.kms.katalon.core.webui.keyword.internal.WebUIKeywordMain.stepFailed(WebUIKeywordMain.groovy:64)
	at com.kms.katalon.core.webui.keyword.builtin.VerifyElementTextKeyword$_verifyElementText_closure1.doCall(VerifyElementTextKeyword.groovy:57)
	at com.kms.katalon.core.webui.keyword.builtin.VerifyElementTextKeyword$_verifyElementText_closure1.call(VerifyElementTextKeyword.groovy)
	at com.kms.katalon.core.webui.keyword.internal.WebUIKeywordMain.runKeyword(WebUIKeywordMain.groovy:20)
	... 19 more
)
[[ATTACHMENT|C:\\FT2 XSIS\\Projek Eval 2 Tajalapak dan administrator\\Reports\\20231005_075354\\pencarian toko\\pencarian toko\\20231005_075355\\1696467311266.png]]]]></system-out>
         <system-err><![CDATA[2023-10-05 07:54:58 - [TEST_CASE][FAILED] - Test Cases/T05 Pencarian Toko/PT-004: Test Cases/T05 Pencarian Toko/PT-004 FAILED.
Reason:
com.kms.katalon.core.exception.StepFailedException: Verify element text of test object 'Object Repository/Fitur search/Massage error' FAILED.
	at com.kms.katalon.core.webui.keyword.internal.WebUIKeywordMain.stepFailed(WebUIKeywordMain.groovy:64)
	at com.kms.katalon.core.webui.keyword.internal.WebUIKeywordMain.runKeyword(WebUIKeywordMain.groovy:26)
	at com.kms.katalon.core.webui.keyword.builtin.VerifyElementTextKeyword.verifyElementText(VerifyElementTextKeyword.groovy:72)
	at com.kms.katalon.core.webui.keyword.builtin.VerifyElementTextKeyword.execute(VerifyElementTextKeyword.groovy:40)
	at com.kms.katalon.core.keyword.internal.KeywordExecutor.executeKeywordForPlatform(KeywordExecutor.groovy:74)
	at com.kms.katalon.core.webui.keyword.WebUiBuiltInKeywords.verifyElementText(WebUiBuiltInKeywords.groovy:4749)
	at com.kms.katalon.core.webui.keyword.WebUiBuiltInKeywords$verifyElementText$5.call(Unknown Source)
	at PT-004.run(PT-004:26)
	at com.kms.katalon.core.main.ScriptEngine.run(ScriptEngine.java:194)
	at com.kms.katalon.core.main.ScriptEngine.runScriptAsRawText(ScriptEngine.java:119)
	at com.kms.katalon.core.main.TestCaseExecutor.runScript(TestCaseExecutor.java:448)
	at com.kms.katalon.core.main.TestCaseExecutor.doExecute(TestCaseExecutor.java:439)
	at com.kms.katalon.core.main.TestCaseExecutor.processExecutionPhase(TestCaseExecutor.java:418)
	at com.kms.katalon.core.main.TestCaseExecutor.accessMainPhase(TestCaseExecutor.java:410)
	at com.kms.katalon.core.main.TestCaseExecutor.execute(TestCaseExecutor.java:285)
	at com.kms.katalon.core.common.CommonExecutor.accessTestCaseMainPhase(CommonExecutor.java:65)
	at com.kms.katalon.core.main.TestSuiteExecutor.accessTestSuiteMainPhase(TestSuiteExecutor.java:148)
	at com.kms.katalon.core.main.TestSuiteExecutor.execute(TestSuiteExecutor.java:106)
	at com.kms.katalon.core.main.TestCaseMain.startTestSuite(TestCaseMain.java:187)
	at com.kms.katalon.core.main.TestCaseMain$startTestSuite$0.call(Unknown Source)
	at TempTestSuite1696467235645.run(TempTestSuite1696467235645.groovy:36)
Caused by: com.kms.katalon.core.exception.StepFailedException: Actual text '12>' and expected text ' isikan Nama toko yang benar' of test object 'Object Repository/Fitur search/Massage error' are NOT matched.
	at com.kms.katalon.core.webui.keyword.internal.WebUIKeywordMain.stepFailed(WebUIKeywordMain.groovy:64)
	at com.kms.katalon.core.webui.keyword.builtin.VerifyElementTextKeyword$_verifyElementText_closure1.doCall(VerifyElementTextKeyword.groovy:57)
	at com.kms.katalon.core.webui.keyword.builtin.VerifyElementTextKeyword$_verifyElementText_closure1.call(VerifyElementTextKeyword.groovy)
	at com.kms.katalon.core.webui.keyword.internal.WebUIKeywordMain.runKeyword(WebUIKeywordMain.groovy:20)
	... 19 more]]></system-err>
      </testcase>
      <testcase name="Test Cases/T05 Pencarian Toko/PT-005" time="21.264" classname="Test Cases/T05 Pencarian Toko/PT-005" status="FAILED">
         <failure type="FAILED" message="Test Cases/T05 Pencarian Toko/PT-005 FAILED.
Reason:
com.kms.katalon.core.exception.StepFailedException: Verify element text of test object 'Object Repository/Fitur search/input_Semua Toko_cari_reseller' FAILED.
	at com.kms.katalon.core.webui.keyword.internal.WebUIKeywordMain.stepFailed(WebUIKeywordMain.groovy:64)
	at com.kms.katalon.core.webui.keyword.internal.WebUIKeywordMain.runKeyword(WebUIKeywordMain.groovy:26)
	at com.kms.katalon.core.webui.keyword.builtin.VerifyElementTextKeyword.verifyElementText(VerifyElementTextKeyword.groovy:72)
	at com.kms.katalon.core.webui.keyword.builtin.VerifyElementTextKeyword.execute(VerifyElementTextKeyword.groovy:40)
	at com.kms.katalon.core.keyword.internal.KeywordExecutor.executeKeywordForPlatform(KeywordExecutor.groovy:74)
	at com.kms.katalon.core.webui.keyword.WebUiBuiltInKeywords.verifyElementText(WebUiBuiltInKeywords.groovy:4749)
	at com.kms.katalon.core.webui.keyword.WebUiBuiltInKeywords$verifyElementText$5.call(Unknown Source)
	at PT-005.run(PT-005:24)
	at com.kms.katalon.core.main.ScriptEngine.run(ScriptEngine.java:194)
	at com.kms.katalon.core.main.ScriptEngine.runScriptAsRawText(ScriptEngine.java:119)
	at com.kms.katalon.core.main.TestCaseExecutor.runScript(TestCaseExecutor.java:448)
	at com.kms.katalon.core.main.TestCaseExecutor.doExecute(TestCaseExecutor.java:439)
	at com.kms.katalon.core.main.TestCaseExecutor.processExecutionPhase(TestCaseExecutor.java:418)
	at com.kms.katalon.core.main.TestCaseExecutor.accessMainPhase(TestCaseExecutor.java:410)
	at com.kms.katalon.core.main.TestCaseExecutor.execute(TestCaseExecutor.java:285)
	at com.kms.katalon.core.common.CommonExecutor.accessTestCaseMainPhase(CommonExecutor.java:65)
	at com.kms.katalon.core.main.TestSuiteExecutor.accessTestSuiteMainPhase(TestSuiteExecutor.java:148)
	at com.kms.katalon.core.main.TestSuiteExecutor.execute(TestSuiteExecutor.java:106)
	at com.kms.katalon.core.main.TestCaseMain.startTestSuite(TestCaseMain.java:187)
	at com.kms.katalon.core.main.TestCaseMain$startTestSuite$0.call(Unknown Source)
	at TempTestSuite1696467235645.run(TempTestSuite1696467235645.groovy:36)
Caused by: com.kms.katalon.core.exception.StepFailedException: Actual text '' and expected text 'Keyword tidak boleh kosong' of test object 'Object Repository/Fitur search/input_Semua Toko_cari_reseller' are NOT matched.
	at com.kms.katalon.core.webui.keyword.internal.WebUIKeywordMain.stepFailed(WebUIKeywordMain.groovy:64)
	at com.kms.katalon.core.webui.keyword.builtin.VerifyElementTextKeyword$_verifyElementText_closure1.doCall(VerifyElementTextKeyword.groovy:57)
	at com.kms.katalon.core.webui.keyword.builtin.VerifyElementTextKeyword$_verifyElementText_closure1.call(VerifyElementTextKeyword.groovy)
	at com.kms.katalon.core.webui.keyword.internal.WebUIKeywordMain.runKeyword(WebUIKeywordMain.groovy:20)
	... 19 more
"/>
         <system-out><![CDATA[2023-10-05 07:55:11 - [TEST_CASE][FAILED] - Test Cases/T05 Pencarian Toko/PT-005: Test Cases/T05 Pencarian Toko/PT-005 FAILED.
Reason:
com.kms.katalon.core.exception.StepFailedException: Verify element text of test object 'Object Repository/Fitur search/input_Semua Toko_cari_reseller' FAILED.
	at com.kms.katalon.core.webui.keyword.internal.WebUIKeywordMain.stepFailed(WebUIKeywordMain.groovy:64)
	at com.kms.katalon.core.webui.keyword.internal.WebUIKeywordMain.runKeyword(WebUIKeywordMain.groovy:26)
	at com.kms.katalon.core.webui.keyword.builtin.VerifyElementTextKeyword.verifyElementText(VerifyElementTextKeyword.groovy:72)
	at com.kms.katalon.core.webui.keyword.builtin.VerifyElementTextKeyword.execute(VerifyElementTextKeyword.groovy:40)
	at com.kms.katalon.core.keyword.internal.KeywordExecutor.executeKeywordForPlatform(KeywordExecutor.groovy:74)
	at com.kms.katalon.core.webui.keyword.WebUiBuiltInKeywords.verifyElementText(WebUiBuiltInKeywords.groovy:4749)
	at com.kms.katalon.core.webui.keyword.WebUiBuiltInKeywords$verifyElementText$5.call(Unknown Source)
	at PT-005.run(PT-005:24)
	at com.kms.katalon.core.main.ScriptEngine.run(ScriptEngine.java:194)
	at com.kms.katalon.core.main.ScriptEngine.runScriptAsRawText(ScriptEngine.java:119)
	at com.kms.katalon.core.main.TestCaseExecutor.runScript(TestCaseExecutor.java:448)
	at com.kms.katalon.core.main.TestCaseExecutor.doExecute(TestCaseExecutor.java:439)
	at com.kms.katalon.core.main.TestCaseExecutor.processExecutionPhase(TestCaseExecutor.java:418)
	at com.kms.katalon.core.main.TestCaseExecutor.accessMainPhase(TestCaseExecutor.java:410)
	at com.kms.katalon.core.main.TestCaseExecutor.execute(TestCaseExecutor.java:285)
	at com.kms.katalon.core.common.CommonExecutor.accessTestCaseMainPhase(CommonExecutor.java:65)
	at com.kms.katalon.core.main.TestSuiteExecutor.accessTestSuiteMainPhase(TestSuiteExecutor.java:148)
	at com.kms.katalon.core.main.TestSuiteExecutor.execute(TestSuiteExecutor.java:106)
	at com.kms.katalon.core.main.TestCaseMain.startTestSuite(TestCaseMain.java:187)
	at com.kms.katalon.core.main.TestCaseMain$startTestSuite$0.call(Unknown Source)
	at TempTestSuite1696467235645.run(TempTestSuite1696467235645.groovy:36)
Caused by: com.kms.katalon.core.exception.StepFailedException: Actual text '' and expected text 'Keyword tidak boleh kosong' of test object 'Object Repository/Fitur search/input_Semua Toko_cari_reseller' are NOT matched.
	at com.kms.katalon.core.webui.keyword.internal.WebUIKeywordMain.stepFailed(WebUIKeywordMain.groovy:64)
	at com.kms.katalon.core.webui.keyword.builtin.VerifyElementTextKeyword$_verifyElementText_closure1.doCall(VerifyElementTextKeyword.groovy:57)
	at com.kms.katalon.core.webui.keyword.builtin.VerifyElementTextKeyword$_verifyElementText_closure1.call(VerifyElementTextKeyword.groovy)
	at com.kms.katalon.core.webui.keyword.internal.WebUIKeywordMain.runKeyword(WebUIKeywordMain.groovy:20)
	... 19 more


2023-10-05 07:55:11 - [TEST_STEP][PASSED] - callTestCase(findTestCase("T05 Pencarian Toko/PT-001"), [:], STOP_ON_FAILURE): Call Test Case 'Test Cases/T05 Pencarian Toko/PT-001' successfully

2023-10-05 07:55:11 - [TEST_CASE][PASSED] - Test Cases/T05 Pencarian Toko/PT-001: Test Cases/T05 Pencarian Toko/PT-001

2023-10-05 07:55:11 - [TEST_STEP][PASSED] - openBrowser("https://10.9.2.63/ecommerce/"): Browser is opened with url: 'https://10.9.2.63/ecommerce/'

2023-10-05 07:55:11 - [MESSAGE][WARNING] - A browser is already opened. Closing browser and opening a new one

2023-10-05 07:55:12 - [MESSAGE][INFO] - Starting 'Firefox' driver

2023-10-05 07:55:12 - [MESSAGE][INFO] - Action delay is set to 0 milliseconds

2023-10-05 07:55:27 - [MESSAGE][PASSED] - Browser is opened with url: 'https://10.9.2.63/ecommerce/'

2023-10-05 07:55:27 - [TEST_STEP][PASSED] - maximizeWindow(): Current window maximized

2023-10-05 07:55:27 - [MESSAGE][PASSED] - Current window maximized

2023-10-05 07:55:27 - [TEST_STEP][PASSED] - verifyElementPresent(findTestObject("Login/Halaman Home"), 0): Object 'Object Repository/Login/Halaman Home' is present

2023-10-05 07:55:27 - [MESSAGE][WARNING] - Timeout '0' is invalid. Using default page load timeout: '30'

2023-10-05 07:55:28 - [MESSAGE][PASSED] - Object 'Object Repository/Login/Halaman Home' is present

2023-10-05 07:55:28 - [TEST_STEP][PASSED] - click(findTestObject("Menu Pencarian Toko/menu Shop")): Object: 'Object Repository/Menu Pencarian Toko/menu Shop' is clicked on

2023-10-05 07:55:28 - [MESSAGE][PASSED] - Object: 'Object Repository/Menu Pencarian Toko/menu Shop' is clicked on

2023-10-05 07:55:28 - [TEST_STEP][PASSED] - click(findTestObject("Menu Pencarian Toko/menu Shop")): Object: 'Object Repository/Menu Pencarian Toko/menu Shop' is clicked on

2023-10-05 07:55:28 - [MESSAGE][PASSED] - Object: 'Object Repository/Menu Pencarian Toko/menu Shop' is clicked on

2023-10-05 07:55:28 - [TEST_STEP][PASSED] - click(findTestObject("Menu Pencarian Toko/Menu Toko (Pelapak)")): Object: 'Object Repository/Menu Pencarian Toko/Menu Toko (Pelapak)' is clicked on

2023-10-05 07:55:30 - [MESSAGE][PASSED] - Object: 'Object Repository/Menu Pencarian Toko/Menu Toko (Pelapak)' is clicked on

2023-10-05 07:55:30 - [TEST_STEP][PASSED] - verifyElementPresent(findTestObject("Menu Pencarian Toko/Tittle Semua Toko"), 0): Object 'Object Repository/Menu Pencarian Toko/Tittle Semua Toko' is present

2023-10-05 07:55:30 - [MESSAGE][WARNING] - Timeout '0' is invalid. Using default page load timeout: '30'

2023-10-05 07:55:30 - [MESSAGE][PASSED] - Object 'Object Repository/Menu Pencarian Toko/Tittle Semua Toko' is present

2023-10-05 07:55:30 - [MESSAGE][PASSED] - Call Test Case 'Test Cases/T05 Pencarian Toko/PT-001' successfully

2023-10-05 07:55:30 - [TEST_STEP][PASSED] - click(findTestObject("Fitur search/button_Semua Toko_submit")): Object: 'Object Repository/Fitur search/button_Semua Toko_submit' is clicked on

2023-10-05 07:55:31 - [MESSAGE][PASSED] - Object: 'Object Repository/Fitur search/button_Semua Toko_submit' is clicked on

2023-10-05 07:55:31 - [TEST_STEP][FAILED] - verifyElementText(findTestObject("Fitur search/input_Semua Toko_cari_reseller"), "Keyword tidak boleh kosong"): Verify element text of test object 'Object Repository/Fitur search/input_Semua Toko_cari_reseller' FAILED. (Root cause: com.kms.katalon.core.exception.StepFailedException: Verify element text of test object 'Object Repository/Fitur search/input_Semua Toko_cari_reseller' FAILED.
	at com.kms.katalon.core.webui.keyword.internal.WebUIKeywordMain.stepFailed(WebUIKeywordMain.groovy:64)
	at com.kms.katalon.core.webui.keyword.internal.WebUIKeywordMain.runKeyword(WebUIKeywordMain.groovy:26)
	at com.kms.katalon.core.webui.keyword.builtin.VerifyElementTextKeyword.verifyElementText(VerifyElementTextKeyword.groovy:72)
	at com.kms.katalon.core.webui.keyword.builtin.VerifyElementTextKeyword.execute(VerifyElementTextKeyword.groovy:40)
	at com.kms.katalon.core.keyword.internal.KeywordExecutor.executeKeywordForPlatform(KeywordExecutor.groovy:74)
	at com.kms.katalon.core.webui.keyword.WebUiBuiltInKeywords.verifyElementText(WebUiBuiltInKeywords.groovy:4749)
	at com.kms.katalon.core.webui.keyword.WebUiBuiltInKeywords$verifyElementText$5.call(Unknown Source)
	at PT-005.run(PT-005:24)
	at com.kms.katalon.core.main.ScriptEngine.run(ScriptEngine.java:194)
	at com.kms.katalon.core.main.ScriptEngine.runScriptAsRawText(ScriptEngine.java:119)
	at com.kms.katalon.core.main.TestCaseExecutor.runScript(TestCaseExecutor.java:448)
	at com.kms.katalon.core.main.TestCaseExecutor.doExecute(TestCaseExecutor.java:439)
	at com.kms.katalon.core.main.TestCaseExecutor.processExecutionPhase(TestCaseExecutor.java:418)
	at com.kms.katalon.core.main.TestCaseExecutor.accessMainPhase(TestCaseExecutor.java:410)
	at com.kms.katalon.core.main.TestCaseExecutor.execute(TestCaseExecutor.java:285)
	at com.kms.katalon.core.common.CommonExecutor.accessTestCaseMainPhase(CommonExecutor.java:65)
	at com.kms.katalon.core.main.TestSuiteExecutor.accessTestSuiteMainPhase(TestSuiteExecutor.java:148)
	at com.kms.katalon.core.main.TestSuiteExecutor.execute(TestSuiteExecutor.java:106)
	at com.kms.katalon.core.main.TestCaseMain.startTestSuite(TestCaseMain.java:187)
	at com.kms.katalon.core.main.TestCaseMain$startTestSuite$0.call(Unknown Source)
	at TempTestSuite1696467235645.run(TempTestSuite1696467235645.groovy:36)
Caused by: com.kms.katalon.core.exception.StepFailedException: Actual text '' and expected text 'Keyword tidak boleh kosong' of test object 'Object Repository/Fitur search/input_Semua Toko_cari_reseller' are NOT matched.
	at com.kms.katalon.core.webui.keyword.internal.WebUIKeywordMain.stepFailed(WebUIKeywordMain.groovy:64)
	at com.kms.katalon.core.webui.keyword.builtin.VerifyElementTextKeyword$_verifyElementText_closure1.doCall(VerifyElementTextKeyword.groovy:57)
	at com.kms.katalon.core.webui.keyword.builtin.VerifyElementTextKeyword$_verifyElementText_closure1.call(VerifyElementTextKeyword.groovy)
	at com.kms.katalon.core.webui.keyword.internal.WebUIKeywordMain.runKeyword(WebUIKeywordMain.groovy:20)
	... 19 more
)

2023-10-05 07:55:32 - [MESSAGE][FAILED] - Actual text '' and expected text 'Keyword tidak boleh kosong' of test object 'Object Repository/Fitur search/input_Semua Toko_cari_reseller' are NOT matched. (Root cause: com.kms.katalon.core.exception.StepFailedException: Actual text '' and expected text 'Keyword tidak boleh kosong' of test object 'Object Repository/Fitur search/input_Semua Toko_cari_reseller' are NOT matched.
	at com.kms.katalon.core.webui.keyword.internal.WebUIKeywordMain.stepFailed(WebUIKeywordMain.groovy:64)
	at com.kms.katalon.core.webui.keyword.builtin.VerifyElementTextKeyword$_verifyElementText_closure1.doCall(VerifyElementTextKeyword.groovy:57)
	at com.kms.katalon.core.webui.keyword.builtin.VerifyElementTextKeyword$_verifyElementText_closure1.call(VerifyElementTextKeyword.groovy)
	at com.kms.katalon.core.webui.keyword.internal.WebUIKeywordMain.runKeyword(WebUIKeywordMain.groovy:20)
	at com.kms.katalon.core.webui.keyword.builtin.VerifyElementTextKeyword.verifyElementText(VerifyElementTextKeyword.groovy:72)
	at com.kms.katalon.core.webui.keyword.builtin.VerifyElementTextKeyword.execute(VerifyElementTextKeyword.groovy:40)
	at com.kms.katalon.core.keyword.internal.KeywordExecutor.executeKeywordForPlatform(KeywordExecutor.groovy:74)
	at com.kms.katalon.core.webui.keyword.WebUiBuiltInKeywords.verifyElementText(WebUiBuiltInKeywords.groovy:4749)
	at com.kms.katalon.core.webui.keyword.WebUiBuiltInKeywords$verifyElementText$5.call(Unknown Source)
	at PT-005.run(PT-005:24)
	at com.kms.katalon.core.main.ScriptEngine.run(ScriptEngine.java:194)
	at com.kms.katalon.core.main.ScriptEngine.runScriptAsRawText(ScriptEngine.java:119)
	at com.kms.katalon.core.main.TestCaseExecutor.runScript(TestCaseExecutor.java:448)
	at com.kms.katalon.core.main.TestCaseExecutor.doExecute(TestCaseExecutor.java:439)
	at com.kms.katalon.core.main.TestCaseExecutor.processExecutionPhase(TestCaseExecutor.java:418)
	at com.kms.katalon.core.main.TestCaseExecutor.accessMainPhase(TestCaseExecutor.java:410)
	at com.kms.katalon.core.main.TestCaseExecutor.execute(TestCaseExecutor.java:285)
	at com.kms.katalon.core.common.CommonExecutor.accessTestCaseMainPhase(CommonExecutor.java:65)
	at com.kms.katalon.core.main.TestSuiteExecutor.accessTestSuiteMainPhase(TestSuiteExecutor.java:148)
	at com.kms.katalon.core.main.TestSuiteExecutor.execute(TestSuiteExecutor.java:106)
	at com.kms.katalon.core.main.TestCaseMain.startTestSuite(TestCaseMain.java:187)
	at com.kms.katalon.core.main.TestCaseMain$startTestSuite$0.call(Unknown Source)
	at TempTestSuite1696467235645.run(TempTestSuite1696467235645.groovy:36)
)
[[ATTACHMENT|C:\\FT2 XSIS\\Projek Eval 2 Tajalapak dan administrator\\Reports\\20231005_075354\\pencarian toko\\pencarian toko\\20231005_075355\\1696467332451.png]]

2023-10-05 07:55:32 - [MESSAGE][FAILED] - Verify element text of test object 'Object Repository/Fitur search/input_Semua Toko_cari_reseller' FAILED. (Root cause: com.kms.katalon.core.exception.StepFailedException: Verify element text of test object 'Object Repository/Fitur search/input_Semua Toko_cari_reseller' FAILED.
	at com.kms.katalon.core.webui.keyword.internal.WebUIKeywordMain.stepFailed(WebUIKeywordMain.groovy:64)
	at com.kms.katalon.core.webui.keyword.internal.WebUIKeywordMain.runKeyword(WebUIKeywordMain.groovy:26)
	at com.kms.katalon.core.webui.keyword.builtin.VerifyElementTextKeyword.verifyElementText(VerifyElementTextKeyword.groovy:72)
	at com.kms.katalon.core.webui.keyword.builtin.VerifyElementTextKeyword.execute(VerifyElementTextKeyword.groovy:40)
	at com.kms.katalon.core.keyword.internal.KeywordExecutor.executeKeywordForPlatform(KeywordExecutor.groovy:74)
	at com.kms.katalon.core.webui.keyword.WebUiBuiltInKeywords.verifyElementText(WebUiBuiltInKeywords.groovy:4749)
	at com.kms.katalon.core.webui.keyword.WebUiBuiltInKeywords$verifyElementText$5.call(Unknown Source)
	at PT-005.run(PT-005:24)
	at com.kms.katalon.core.main.ScriptEngine.run(ScriptEngine.java:194)
	at com.kms.katalon.core.main.ScriptEngine.runScriptAsRawText(ScriptEngine.java:119)
	at com.kms.katalon.core.main.TestCaseExecutor.runScript(TestCaseExecutor.java:448)
	at com.kms.katalon.core.main.TestCaseExecutor.doExecute(TestCaseExecutor.java:439)
	at com.kms.katalon.core.main.TestCaseExecutor.processExecutionPhase(TestCaseExecutor.java:418)
	at com.kms.katalon.core.main.TestCaseExecutor.accessMainPhase(TestCaseExecutor.java:410)
	at com.kms.katalon.core.main.TestCaseExecutor.execute(TestCaseExecutor.java:285)
	at com.kms.katalon.core.common.CommonExecutor.accessTestCaseMainPhase(CommonExecutor.java:65)
	at com.kms.katalon.core.main.TestSuiteExecutor.accessTestSuiteMainPhase(TestSuiteExecutor.java:148)
	at com.kms.katalon.core.main.TestSuiteExecutor.execute(TestSuiteExecutor.java:106)
	at com.kms.katalon.core.main.TestCaseMain.startTestSuite(TestCaseMain.java:187)
	at com.kms.katalon.core.main.TestCaseMain$startTestSuite$0.call(Unknown Source)
	at TempTestSuite1696467235645.run(TempTestSuite1696467235645.groovy:36)
Caused by: com.kms.katalon.core.exception.StepFailedException: Actual text '' and expected text 'Keyword tidak boleh kosong' of test object 'Object Repository/Fitur search/input_Semua Toko_cari_reseller' are NOT matched.
	at com.kms.katalon.core.webui.keyword.internal.WebUIKeywordMain.stepFailed(WebUIKeywordMain.groovy:64)
	at com.kms.katalon.core.webui.keyword.builtin.VerifyElementTextKeyword$_verifyElementText_closure1.doCall(VerifyElementTextKeyword.groovy:57)
	at com.kms.katalon.core.webui.keyword.builtin.VerifyElementTextKeyword$_verifyElementText_closure1.call(VerifyElementTextKeyword.groovy)
	at com.kms.katalon.core.webui.keyword.internal.WebUIKeywordMain.runKeyword(WebUIKeywordMain.groovy:20)
	... 19 more
)
[[ATTACHMENT|C:\\FT2 XSIS\\Projek Eval 2 Tajalapak dan administrator\\Reports\\20231005_075354\\pencarian toko\\pencarian toko\\20231005_075355\\1696467332511.png]]]]></system-out>
         <system-err><![CDATA[2023-10-05 07:55:11 - [TEST_CASE][FAILED] - Test Cases/T05 Pencarian Toko/PT-005: Test Cases/T05 Pencarian Toko/PT-005 FAILED.
Reason:
com.kms.katalon.core.exception.StepFailedException: Verify element text of test object 'Object Repository/Fitur search/input_Semua Toko_cari_reseller' FAILED.
	at com.kms.katalon.core.webui.keyword.internal.WebUIKeywordMain.stepFailed(WebUIKeywordMain.groovy:64)
	at com.kms.katalon.core.webui.keyword.internal.WebUIKeywordMain.runKeyword(WebUIKeywordMain.groovy:26)
	at com.kms.katalon.core.webui.keyword.builtin.VerifyElementTextKeyword.verifyElementText(VerifyElementTextKeyword.groovy:72)
	at com.kms.katalon.core.webui.keyword.builtin.VerifyElementTextKeyword.execute(VerifyElementTextKeyword.groovy:40)
	at com.kms.katalon.core.keyword.internal.KeywordExecutor.executeKeywordForPlatform(KeywordExecutor.groovy:74)
	at com.kms.katalon.core.webui.keyword.WebUiBuiltInKeywords.verifyElementText(WebUiBuiltInKeywords.groovy:4749)
	at com.kms.katalon.core.webui.keyword.WebUiBuiltInKeywords$verifyElementText$5.call(Unknown Source)
	at PT-005.run(PT-005:24)
	at com.kms.katalon.core.main.ScriptEngine.run(ScriptEngine.java:194)
	at com.kms.katalon.core.main.ScriptEngine.runScriptAsRawText(ScriptEngine.java:119)
	at com.kms.katalon.core.main.TestCaseExecutor.runScript(TestCaseExecutor.java:448)
	at com.kms.katalon.core.main.TestCaseExecutor.doExecute(TestCaseExecutor.java:439)
	at com.kms.katalon.core.main.TestCaseExecutor.processExecutionPhase(TestCaseExecutor.java:418)
	at com.kms.katalon.core.main.TestCaseExecutor.accessMainPhase(TestCaseExecutor.java:410)
	at com.kms.katalon.core.main.TestCaseExecutor.execute(TestCaseExecutor.java:285)
	at com.kms.katalon.core.common.CommonExecutor.accessTestCaseMainPhase(CommonExecutor.java:65)
	at com.kms.katalon.core.main.TestSuiteExecutor.accessTestSuiteMainPhase(TestSuiteExecutor.java:148)
	at com.kms.katalon.core.main.TestSuiteExecutor.execute(TestSuiteExecutor.java:106)
	at com.kms.katalon.core.main.TestCaseMain.startTestSuite(TestCaseMain.java:187)
	at com.kms.katalon.core.main.TestCaseMain$startTestSuite$0.call(Unknown Source)
	at TempTestSuite1696467235645.run(TempTestSuite1696467235645.groovy:36)
Caused by: com.kms.katalon.core.exception.StepFailedException: Actual text '' and expected text 'Keyword tidak boleh kosong' of test object 'Object Repository/Fitur search/input_Semua Toko_cari_reseller' are NOT matched.
	at com.kms.katalon.core.webui.keyword.internal.WebUIKeywordMain.stepFailed(WebUIKeywordMain.groovy:64)
	at com.kms.katalon.core.webui.keyword.builtin.VerifyElementTextKeyword$_verifyElementText_closure1.doCall(VerifyElementTextKeyword.groovy:57)
	at com.kms.katalon.core.webui.keyword.builtin.VerifyElementTextKeyword$_verifyElementText_closure1.call(VerifyElementTextKeyword.groovy)
	at com.kms.katalon.core.webui.keyword.internal.WebUIKeywordMain.runKeyword(WebUIKeywordMain.groovy:20)
	... 19 more]]></system-err>
      </testcase>
      <testcase name="Test Cases/T05 Pencarian Toko/PT-006" time="12.013" classname="Test Cases/T05 Pencarian Toko/PT-006" status="FAILED">
         <failure type="FAILED" message="Test Cases/T05 Pencarian Toko/PT-006 FAILED.
Reason:
com.kms.katalon.core.exception.StepFailedException: Verify element text of test object 'Object Repository/Menu Pencarian Toko/pencarian kosong' FAILED.
	at com.kms.katalon.core.webui.keyword.internal.WebUIKeywordMain.stepFailed(WebUIKeywordMain.groovy:64)
	at com.kms.katalon.core.webui.keyword.internal.WebUIKeywordMain.runKeyword(WebUIKeywordMain.groovy:26)
	at com.kms.katalon.core.webui.keyword.builtin.VerifyElementTextKeyword.verifyElementText(VerifyElementTextKeyword.groovy:72)
	at com.kms.katalon.core.webui.keyword.builtin.VerifyElementTextKeyword.execute(VerifyElementTextKeyword.groovy:40)
	at com.kms.katalon.core.keyword.internal.KeywordExecutor.executeKeywordForPlatform(KeywordExecutor.groovy:74)
	at com.kms.katalon.core.webui.keyword.WebUiBuiltInKeywords.verifyElementText(WebUiBuiltInKeywords.groovy:4749)
	at com.kms.katalon.core.webui.keyword.WebUiBuiltInKeywords$verifyElementText$5.call(Unknown Source)
	at PT-006.run(PT-006:26)
	at com.kms.katalon.core.main.ScriptEngine.run(ScriptEngine.java:194)
	at com.kms.katalon.core.main.ScriptEngine.runScriptAsRawText(ScriptEngine.java:119)
	at com.kms.katalon.core.main.TestCaseExecutor.runScript(TestCaseExecutor.java:448)
	at com.kms.katalon.core.main.TestCaseExecutor.doExecute(TestCaseExecutor.java:439)
	at com.kms.katalon.core.main.TestCaseExecutor.processExecutionPhase(TestCaseExecutor.java:418)
	at com.kms.katalon.core.main.TestCaseExecutor.accessMainPhase(TestCaseExecutor.java:410)
	at com.kms.katalon.core.main.TestCaseExecutor.execute(TestCaseExecutor.java:285)
	at com.kms.katalon.core.common.CommonExecutor.accessTestCaseMainPhase(CommonExecutor.java:65)
	at com.kms.katalon.core.main.TestSuiteExecutor.accessTestSuiteMainPhase(TestSuiteExecutor.java:148)
	at com.kms.katalon.core.main.TestSuiteExecutor.execute(TestSuiteExecutor.java:106)
	at com.kms.katalon.core.main.TestCaseMain.startTestSuite(TestCaseMain.java:187)
	at com.kms.katalon.core.main.TestCaseMain$startTestSuite$0.call(Unknown Source)
	at TempTestSuite1696467235645.run(TempTestSuite1696467235645.groovy:36)
Caused by: com.kms.katalon.core.exception.StepFailedException: Actual text '12>' and expected text '+6287865722652' of test object 'Object Repository/Menu Pencarian Toko/pencarian kosong' are NOT matched.
	at com.kms.katalon.core.webui.keyword.internal.WebUIKeywordMain.stepFailed(WebUIKeywordMain.groovy:64)
	at com.kms.katalon.core.webui.keyword.builtin.VerifyElementTextKeyword$_verifyElementText_closure1.doCall(VerifyElementTextKeyword.groovy:57)
	at com.kms.katalon.core.webui.keyword.builtin.VerifyElementTextKeyword$_verifyElementText_closure1.call(VerifyElementTextKeyword.groovy)
	at com.kms.katalon.core.webui.keyword.internal.WebUIKeywordMain.runKeyword(WebUIKeywordMain.groovy:20)
	... 19 more
"/>
         <system-out><![CDATA[2023-10-05 07:55:32 - [TEST_CASE][FAILED] - Test Cases/T05 Pencarian Toko/PT-006: Test Cases/T05 Pencarian Toko/PT-006 FAILED.
Reason:
com.kms.katalon.core.exception.StepFailedException: Verify element text of test object 'Object Repository/Menu Pencarian Toko/pencarian kosong' FAILED.
	at com.kms.katalon.core.webui.keyword.internal.WebUIKeywordMain.stepFailed(WebUIKeywordMain.groovy:64)
	at com.kms.katalon.core.webui.keyword.internal.WebUIKeywordMain.runKeyword(WebUIKeywordMain.groovy:26)
	at com.kms.katalon.core.webui.keyword.builtin.VerifyElementTextKeyword.verifyElementText(VerifyElementTextKeyword.groovy:72)
	at com.kms.katalon.core.webui.keyword.builtin.VerifyElementTextKeyword.execute(VerifyElementTextKeyword.groovy:40)
	at com.kms.katalon.core.keyword.internal.KeywordExecutor.executeKeywordForPlatform(KeywordExecutor.groovy:74)
	at com.kms.katalon.core.webui.keyword.WebUiBuiltInKeywords.verifyElementText(WebUiBuiltInKeywords.groovy:4749)
	at com.kms.katalon.core.webui.keyword.WebUiBuiltInKeywords$verifyElementText$5.call(Unknown Source)
	at PT-006.run(PT-006:26)
	at com.kms.katalon.core.main.ScriptEngine.run(ScriptEngine.java:194)
	at com.kms.katalon.core.main.ScriptEngine.runScriptAsRawText(ScriptEngine.java:119)
	at com.kms.katalon.core.main.TestCaseExecutor.runScript(TestCaseExecutor.java:448)
	at com.kms.katalon.core.main.TestCaseExecutor.doExecute(TestCaseExecutor.java:439)
	at com.kms.katalon.core.main.TestCaseExecutor.processExecutionPhase(TestCaseExecutor.java:418)
	at com.kms.katalon.core.main.TestCaseExecutor.accessMainPhase(TestCaseExecutor.java:410)
	at com.kms.katalon.core.main.TestCaseExecutor.execute(TestCaseExecutor.java:285)
	at com.kms.katalon.core.common.CommonExecutor.accessTestCaseMainPhase(CommonExecutor.java:65)
	at com.kms.katalon.core.main.TestSuiteExecutor.accessTestSuiteMainPhase(TestSuiteExecutor.java:148)
	at com.kms.katalon.core.main.TestSuiteExecutor.execute(TestSuiteExecutor.java:106)
	at com.kms.katalon.core.main.TestCaseMain.startTestSuite(TestCaseMain.java:187)
	at com.kms.katalon.core.main.TestCaseMain$startTestSuite$0.call(Unknown Source)
	at TempTestSuite1696467235645.run(TempTestSuite1696467235645.groovy:36)
Caused by: com.kms.katalon.core.exception.StepFailedException: Actual text '12>' and expected text '+6287865722652' of test object 'Object Repository/Menu Pencarian Toko/pencarian kosong' are NOT matched.
	at com.kms.katalon.core.webui.keyword.internal.WebUIKeywordMain.stepFailed(WebUIKeywordMain.groovy:64)
	at com.kms.katalon.core.webui.keyword.builtin.VerifyElementTextKeyword$_verifyElementText_closure1.doCall(VerifyElementTextKeyword.groovy:57)
	at com.kms.katalon.core.webui.keyword.builtin.VerifyElementTextKeyword$_verifyElementText_closure1.call(VerifyElementTextKeyword.groovy)
	at com.kms.katalon.core.webui.keyword.internal.WebUIKeywordMain.runKeyword(WebUIKeywordMain.groovy:20)
	... 19 more


2023-10-05 07:55:32 - [TEST_STEP][PASSED] - callTestCase(findTestCase("T05 Pencarian Toko/PT-001"), [:], STOP_ON_FAILURE): Call Test Case 'Test Cases/T05 Pencarian Toko/PT-001' successfully

2023-10-05 07:55:32 - [TEST_CASE][PASSED] - Test Cases/T05 Pencarian Toko/PT-001: Test Cases/T05 Pencarian Toko/PT-001

2023-10-05 07:55:32 - [TEST_STEP][PASSED] - openBrowser("https://10.9.2.63/ecommerce/"): Browser is opened with url: 'https://10.9.2.63/ecommerce/'

2023-10-05 07:55:32 - [MESSAGE][WARNING] - A browser is already opened. Closing browser and opening a new one

2023-10-05 07:55:33 - [MESSAGE][INFO] - Starting 'Firefox' driver

2023-10-05 07:55:33 - [MESSAGE][INFO] - Action delay is set to 0 milliseconds

2023-10-05 07:55:39 - [MESSAGE][PASSED] - Browser is opened with url: 'https://10.9.2.63/ecommerce/'

2023-10-05 07:55:39 - [TEST_STEP][PASSED] - maximizeWindow(): Current window maximized

2023-10-05 07:55:39 - [MESSAGE][PASSED] - Current window maximized

2023-10-05 07:55:39 - [TEST_STEP][PASSED] - verifyElementPresent(findTestObject("Login/Halaman Home"), 0): Object 'Object Repository/Login/Halaman Home' is present

2023-10-05 07:55:39 - [MESSAGE][WARNING] - Timeout '0' is invalid. Using default page load timeout: '30'

2023-10-05 07:55:39 - [MESSAGE][PASSED] - Object 'Object Repository/Login/Halaman Home' is present

2023-10-05 07:55:39 - [TEST_STEP][PASSED] - click(findTestObject("Menu Pencarian Toko/menu Shop")): Object: 'Object Repository/Menu Pencarian Toko/menu Shop' is clicked on

2023-10-05 07:55:39 - [MESSAGE][PASSED] - Object: 'Object Repository/Menu Pencarian Toko/menu Shop' is clicked on

2023-10-05 07:55:39 - [TEST_STEP][PASSED] - click(findTestObject("Menu Pencarian Toko/menu Shop")): Object: 'Object Repository/Menu Pencarian Toko/menu Shop' is clicked on

2023-10-05 07:55:40 - [MESSAGE][PASSED] - Object: 'Object Repository/Menu Pencarian Toko/menu Shop' is clicked on

2023-10-05 07:55:40 - [TEST_STEP][PASSED] - click(findTestObject("Menu Pencarian Toko/Menu Toko (Pelapak)")): Object: 'Object Repository/Menu Pencarian Toko/Menu Toko (Pelapak)' is clicked on

2023-10-05 07:55:41 - [MESSAGE][PASSED] - Object: 'Object Repository/Menu Pencarian Toko/Menu Toko (Pelapak)' is clicked on

2023-10-05 07:55:41 - [TEST_STEP][PASSED] - verifyElementPresent(findTestObject("Menu Pencarian Toko/Tittle Semua Toko"), 0): Object 'Object Repository/Menu Pencarian Toko/Tittle Semua Toko' is present

2023-10-05 07:55:41 - [MESSAGE][WARNING] - Timeout '0' is invalid. Using default page load timeout: '30'

2023-10-05 07:55:42 - [MESSAGE][PASSED] - Object 'Object Repository/Menu Pencarian Toko/Tittle Semua Toko' is present

2023-10-05 07:55:42 - [MESSAGE][PASSED] - Call Test Case 'Test Cases/T05 Pencarian Toko/PT-001' successfully

2023-10-05 07:55:42 - [TEST_STEP][PASSED] - setText(findTestObject("Fitur search/input_Semua Toko_cari_reseller"), "+6287865722652"): Text '+6287865722652' is set on object 'Object Repository/Fitur search/input_Semua Toko_cari_reseller'

2023-10-05 07:55:42 - [MESSAGE][PASSED] - Text '+6287865722652' is set on object 'Object Repository/Fitur search/input_Semua Toko_cari_reseller'

2023-10-05 07:55:42 - [TEST_STEP][PASSED] - click(findTestObject("Fitur search/button_Semua Toko_submit")): Object: 'Object Repository/Fitur search/button_Semua Toko_submit' is clicked on

2023-10-05 07:55:43 - [MESSAGE][PASSED] - Object: 'Object Repository/Fitur search/button_Semua Toko_submit' is clicked on

2023-10-05 07:55:43 - [TEST_STEP][FAILED] - verifyElementText(findTestObject("Menu Pencarian Toko/pencarian kosong"), "+6287865722652"): Verify element text of test object 'Object Repository/Menu Pencarian Toko/pencarian kosong' FAILED. (Root cause: com.kms.katalon.core.exception.StepFailedException: Verify element text of test object 'Object Repository/Menu Pencarian Toko/pencarian kosong' FAILED.
	at com.kms.katalon.core.webui.keyword.internal.WebUIKeywordMain.stepFailed(WebUIKeywordMain.groovy:64)
	at com.kms.katalon.core.webui.keyword.internal.WebUIKeywordMain.runKeyword(WebUIKeywordMain.groovy:26)
	at com.kms.katalon.core.webui.keyword.builtin.VerifyElementTextKeyword.verifyElementText(VerifyElementTextKeyword.groovy:72)
	at com.kms.katalon.core.webui.keyword.builtin.VerifyElementTextKeyword.execute(VerifyElementTextKeyword.groovy:40)
	at com.kms.katalon.core.keyword.internal.KeywordExecutor.executeKeywordForPlatform(KeywordExecutor.groovy:74)
	at com.kms.katalon.core.webui.keyword.WebUiBuiltInKeywords.verifyElementText(WebUiBuiltInKeywords.groovy:4749)
	at com.kms.katalon.core.webui.keyword.WebUiBuiltInKeywords$verifyElementText$5.call(Unknown Source)
	at PT-006.run(PT-006:26)
	at com.kms.katalon.core.main.ScriptEngine.run(ScriptEngine.java:194)
	at com.kms.katalon.core.main.ScriptEngine.runScriptAsRawText(ScriptEngine.java:119)
	at com.kms.katalon.core.main.TestCaseExecutor.runScript(TestCaseExecutor.java:448)
	at com.kms.katalon.core.main.TestCaseExecutor.doExecute(TestCaseExecutor.java:439)
	at com.kms.katalon.core.main.TestCaseExecutor.processExecutionPhase(TestCaseExecutor.java:418)
	at com.kms.katalon.core.main.TestCaseExecutor.accessMainPhase(TestCaseExecutor.java:410)
	at com.kms.katalon.core.main.TestCaseExecutor.execute(TestCaseExecutor.java:285)
	at com.kms.katalon.core.common.CommonExecutor.accessTestCaseMainPhase(CommonExecutor.java:65)
	at com.kms.katalon.core.main.TestSuiteExecutor.accessTestSuiteMainPhase(TestSuiteExecutor.java:148)
	at com.kms.katalon.core.main.TestSuiteExecutor.execute(TestSuiteExecutor.java:106)
	at com.kms.katalon.core.main.TestCaseMain.startTestSuite(TestCaseMain.java:187)
	at com.kms.katalon.core.main.TestCaseMain$startTestSuite$0.call(Unknown Source)
	at TempTestSuite1696467235645.run(TempTestSuite1696467235645.groovy:36)
Caused by: com.kms.katalon.core.exception.StepFailedException: Actual text '12>' and expected text '+6287865722652' of test object 'Object Repository/Menu Pencarian Toko/pencarian kosong' are NOT matched.
	at com.kms.katalon.core.webui.keyword.internal.WebUIKeywordMain.stepFailed(WebUIKeywordMain.groovy:64)
	at com.kms.katalon.core.webui.keyword.builtin.VerifyElementTextKeyword$_verifyElementText_closure1.doCall(VerifyElementTextKeyword.groovy:57)
	at com.kms.katalon.core.webui.keyword.builtin.VerifyElementTextKeyword$_verifyElementText_closure1.call(VerifyElementTextKeyword.groovy)
	at com.kms.katalon.core.webui.keyword.internal.WebUIKeywordMain.runKeyword(WebUIKeywordMain.groovy:20)
	... 19 more
)

2023-10-05 07:55:44 - [MESSAGE][FAILED] - Actual text '12>' and expected text '+6287865722652' of test object 'Object Repository/Menu Pencarian Toko/pencarian kosong' are NOT matched. (Root cause: com.kms.katalon.core.exception.StepFailedException: Actual text '12>' and expected text '+6287865722652' of test object 'Object Repository/Menu Pencarian Toko/pencarian kosong' are NOT matched.
	at com.kms.katalon.core.webui.keyword.internal.WebUIKeywordMain.stepFailed(WebUIKeywordMain.groovy:64)
	at com.kms.katalon.core.webui.keyword.builtin.VerifyElementTextKeyword$_verifyElementText_closure1.doCall(VerifyElementTextKeyword.groovy:57)
	at com.kms.katalon.core.webui.keyword.builtin.VerifyElementTextKeyword$_verifyElementText_closure1.call(VerifyElementTextKeyword.groovy)
	at com.kms.katalon.core.webui.keyword.internal.WebUIKeywordMain.runKeyword(WebUIKeywordMain.groovy:20)
	at com.kms.katalon.core.webui.keyword.builtin.VerifyElementTextKeyword.verifyElementText(VerifyElementTextKeyword.groovy:72)
	at com.kms.katalon.core.webui.keyword.builtin.VerifyElementTextKeyword.execute(VerifyElementTextKeyword.groovy:40)
	at com.kms.katalon.core.keyword.internal.KeywordExecutor.executeKeywordForPlatform(KeywordExecutor.groovy:74)
	at com.kms.katalon.core.webui.keyword.WebUiBuiltInKeywords.verifyElementText(WebUiBuiltInKeywords.groovy:4749)
	at com.kms.katalon.core.webui.keyword.WebUiBuiltInKeywords$verifyElementText$5.call(Unknown Source)
	at PT-006.run(PT-006:26)
	at com.kms.katalon.core.main.ScriptEngine.run(ScriptEngine.java:194)
	at com.kms.katalon.core.main.ScriptEngine.runScriptAsRawText(ScriptEngine.java:119)
	at com.kms.katalon.core.main.TestCaseExecutor.runScript(TestCaseExecutor.java:448)
	at com.kms.katalon.core.main.TestCaseExecutor.doExecute(TestCaseExecutor.java:439)
	at com.kms.katalon.core.main.TestCaseExecutor.processExecutionPhase(TestCaseExecutor.java:418)
	at com.kms.katalon.core.main.TestCaseExecutor.accessMainPhase(TestCaseExecutor.java:410)
	at com.kms.katalon.core.main.TestCaseExecutor.execute(TestCaseExecutor.java:285)
	at com.kms.katalon.core.common.CommonExecutor.accessTestCaseMainPhase(CommonExecutor.java:65)
	at com.kms.katalon.core.main.TestSuiteExecutor.accessTestSuiteMainPhase(TestSuiteExecutor.java:148)
	at com.kms.katalon.core.main.TestSuiteExecutor.execute(TestSuiteExecutor.java:106)
	at com.kms.katalon.core.main.TestCaseMain.startTestSuite(TestCaseMain.java:187)
	at com.kms.katalon.core.main.TestCaseMain$startTestSuite$0.call(Unknown Source)
	at TempTestSuite1696467235645.run(TempTestSuite1696467235645.groovy:36)
)
[[ATTACHMENT|C:\\FT2 XSIS\\Projek Eval 2 Tajalapak dan administrator\\Reports\\20231005_075354\\pencarian toko\\pencarian toko\\20231005_075355\\1696467344511.png]]

2023-10-05 07:55:44 - [MESSAGE][FAILED] - Verify element text of test object 'Object Repository/Menu Pencarian Toko/pencarian kosong' FAILED. (Root cause: com.kms.katalon.core.exception.StepFailedException: Verify element text of test object 'Object Repository/Menu Pencarian Toko/pencarian kosong' FAILED.
	at com.kms.katalon.core.webui.keyword.internal.WebUIKeywordMain.stepFailed(WebUIKeywordMain.groovy:64)
	at com.kms.katalon.core.webui.keyword.internal.WebUIKeywordMain.runKeyword(WebUIKeywordMain.groovy:26)
	at com.kms.katalon.core.webui.keyword.builtin.VerifyElementTextKeyword.verifyElementText(VerifyElementTextKeyword.groovy:72)
	at com.kms.katalon.core.webui.keyword.builtin.VerifyElementTextKeyword.execute(VerifyElementTextKeyword.groovy:40)
	at com.kms.katalon.core.keyword.internal.KeywordExecutor.executeKeywordForPlatform(KeywordExecutor.groovy:74)
	at com.kms.katalon.core.webui.keyword.WebUiBuiltInKeywords.verifyElementText(WebUiBuiltInKeywords.groovy:4749)
	at com.kms.katalon.core.webui.keyword.WebUiBuiltInKeywords$verifyElementText$5.call(Unknown Source)
	at PT-006.run(PT-006:26)
	at com.kms.katalon.core.main.ScriptEngine.run(ScriptEngine.java:194)
	at com.kms.katalon.core.main.ScriptEngine.runScriptAsRawText(ScriptEngine.java:119)
	at com.kms.katalon.core.main.TestCaseExecutor.runScript(TestCaseExecutor.java:448)
	at com.kms.katalon.core.main.TestCaseExecutor.doExecute(TestCaseExecutor.java:439)
	at com.kms.katalon.core.main.TestCaseExecutor.processExecutionPhase(TestCaseExecutor.java:418)
	at com.kms.katalon.core.main.TestCaseExecutor.accessMainPhase(TestCaseExecutor.java:410)
	at com.kms.katalon.core.main.TestCaseExecutor.execute(TestCaseExecutor.java:285)
	at com.kms.katalon.core.common.CommonExecutor.accessTestCaseMainPhase(CommonExecutor.java:65)
	at com.kms.katalon.core.main.TestSuiteExecutor.accessTestSuiteMainPhase(TestSuiteExecutor.java:148)
	at com.kms.katalon.core.main.TestSuiteExecutor.execute(TestSuiteExecutor.java:106)
	at com.kms.katalon.core.main.TestCaseMain.startTestSuite(TestCaseMain.java:187)
	at com.kms.katalon.core.main.TestCaseMain$startTestSuite$0.call(Unknown Source)
	at TempTestSuite1696467235645.run(TempTestSuite1696467235645.groovy:36)
Caused by: com.kms.katalon.core.exception.StepFailedException: Actual text '12>' and expected text '+6287865722652' of test object 'Object Repository/Menu Pencarian Toko/pencarian kosong' are NOT matched.
	at com.kms.katalon.core.webui.keyword.internal.WebUIKeywordMain.stepFailed(WebUIKeywordMain.groovy:64)
	at com.kms.katalon.core.webui.keyword.builtin.VerifyElementTextKeyword$_verifyElementText_closure1.doCall(VerifyElementTextKeyword.groovy:57)
	at com.kms.katalon.core.webui.keyword.builtin.VerifyElementTextKeyword$_verifyElementText_closure1.call(VerifyElementTextKeyword.groovy)
	at com.kms.katalon.core.webui.keyword.internal.WebUIKeywordMain.runKeyword(WebUIKeywordMain.groovy:20)
	... 19 more
)
[[ATTACHMENT|C:\\FT2 XSIS\\Projek Eval 2 Tajalapak dan administrator\\Reports\\20231005_075354\\pencarian toko\\pencarian toko\\20231005_075355\\1696467344551.png]]]]></system-out>
         <system-err><![CDATA[2023-10-05 07:55:32 - [TEST_CASE][FAILED] - Test Cases/T05 Pencarian Toko/PT-006: Test Cases/T05 Pencarian Toko/PT-006 FAILED.
Reason:
com.kms.katalon.core.exception.StepFailedException: Verify element text of test object 'Object Repository/Menu Pencarian Toko/pencarian kosong' FAILED.
	at com.kms.katalon.core.webui.keyword.internal.WebUIKeywordMain.stepFailed(WebUIKeywordMain.groovy:64)
	at com.kms.katalon.core.webui.keyword.internal.WebUIKeywordMain.runKeyword(WebUIKeywordMain.groovy:26)
	at com.kms.katalon.core.webui.keyword.builtin.VerifyElementTextKeyword.verifyElementText(VerifyElementTextKeyword.groovy:72)
	at com.kms.katalon.core.webui.keyword.builtin.VerifyElementTextKeyword.execute(VerifyElementTextKeyword.groovy:40)
	at com.kms.katalon.core.keyword.internal.KeywordExecutor.executeKeywordForPlatform(KeywordExecutor.groovy:74)
	at com.kms.katalon.core.webui.keyword.WebUiBuiltInKeywords.verifyElementText(WebUiBuiltInKeywords.groovy:4749)
	at com.kms.katalon.core.webui.keyword.WebUiBuiltInKeywords$verifyElementText$5.call(Unknown Source)
	at PT-006.run(PT-006:26)
	at com.kms.katalon.core.main.ScriptEngine.run(ScriptEngine.java:194)
	at com.kms.katalon.core.main.ScriptEngine.runScriptAsRawText(ScriptEngine.java:119)
	at com.kms.katalon.core.main.TestCaseExecutor.runScript(TestCaseExecutor.java:448)
	at com.kms.katalon.core.main.TestCaseExecutor.doExecute(TestCaseExecutor.java:439)
	at com.kms.katalon.core.main.TestCaseExecutor.processExecutionPhase(TestCaseExecutor.java:418)
	at com.kms.katalon.core.main.TestCaseExecutor.accessMainPhase(TestCaseExecutor.java:410)
	at com.kms.katalon.core.main.TestCaseExecutor.execute(TestCaseExecutor.java:285)
	at com.kms.katalon.core.common.CommonExecutor.accessTestCaseMainPhase(CommonExecutor.java:65)
	at com.kms.katalon.core.main.TestSuiteExecutor.accessTestSuiteMainPhase(TestSuiteExecutor.java:148)
	at com.kms.katalon.core.main.TestSuiteExecutor.execute(TestSuiteExecutor.java:106)
	at com.kms.katalon.core.main.TestCaseMain.startTestSuite(TestCaseMain.java:187)
	at com.kms.katalon.core.main.TestCaseMain$startTestSuite$0.call(Unknown Source)
	at TempTestSuite1696467235645.run(TempTestSuite1696467235645.groovy:36)
Caused by: com.kms.katalon.core.exception.StepFailedException: Actual text '12>' and expected text '+6287865722652' of test object 'Object Repository/Menu Pencarian Toko/pencarian kosong' are NOT matched.
	at com.kms.katalon.core.webui.keyword.internal.WebUIKeywordMain.stepFailed(WebUIKeywordMain.groovy:64)
	at com.kms.katalon.core.webui.keyword.builtin.VerifyElementTextKeyword$_verifyElementText_closure1.doCall(VerifyElementTextKeyword.groovy:57)
	at com.kms.katalon.core.webui.keyword.builtin.VerifyElementTextKeyword$_verifyElementText_closure1.call(VerifyElementTextKeyword.groovy)
	at com.kms.katalon.core.webui.keyword.internal.WebUIKeywordMain.runKeyword(WebUIKeywordMain.groovy:20)
	... 19 more]]></system-err>
      </testcase>
      <testcase name="Test Cases/T05 Pencarian Toko/PT-007" time="12.172" classname="Test Cases/T05 Pencarian Toko/PT-007" status="FAILED">
         <failure type="FAILED" message="Test Cases/T05 Pencarian Toko/PT-007 FAILED.
Reason:
com.kms.katalon.core.exception.StepFailedException: Verify element text of test object 'Object Repository/Menu Pencarian Toko/pencarian kosong' FAILED.
	at com.kms.katalon.core.webui.keyword.internal.WebUIKeywordMain.stepFailed(WebUIKeywordMain.groovy:64)
	at com.kms.katalon.core.webui.keyword.internal.WebUIKeywordMain.runKeyword(WebUIKeywordMain.groovy:26)
	at com.kms.katalon.core.webui.keyword.builtin.VerifyElementTextKeyword.verifyElementText(VerifyElementTextKeyword.groovy:72)
	at com.kms.katalon.core.webui.keyword.builtin.VerifyElementTextKeyword.execute(VerifyElementTextKeyword.groovy:40)
	at com.kms.katalon.core.keyword.internal.KeywordExecutor.executeKeywordForPlatform(KeywordExecutor.groovy:74)
	at com.kms.katalon.core.webui.keyword.WebUiBuiltInKeywords.verifyElementText(WebUiBuiltInKeywords.groovy:4749)
	at com.kms.katalon.core.webui.keyword.WebUiBuiltInKeywords$verifyElementText$5.call(Unknown Source)
	at PT-007.run(PT-007:26)
	at com.kms.katalon.core.main.ScriptEngine.run(ScriptEngine.java:194)
	at com.kms.katalon.core.main.ScriptEngine.runScriptAsRawText(ScriptEngine.java:119)
	at com.kms.katalon.core.main.TestCaseExecutor.runScript(TestCaseExecutor.java:448)
	at com.kms.katalon.core.main.TestCaseExecutor.doExecute(TestCaseExecutor.java:439)
	at com.kms.katalon.core.main.TestCaseExecutor.processExecutionPhase(TestCaseExecutor.java:418)
	at com.kms.katalon.core.main.TestCaseExecutor.accessMainPhase(TestCaseExecutor.java:410)
	at com.kms.katalon.core.main.TestCaseExecutor.execute(TestCaseExecutor.java:285)
	at com.kms.katalon.core.common.CommonExecutor.accessTestCaseMainPhase(CommonExecutor.java:65)
[...]

2023-10-05 07:57:43 - [TEST_STEP][PASSED] - maximizeWindow(): Current window maximized

2023-10-05 07:57:43 - [MESSAGE][PASSED] - Current window maximized

2023-10-05 07:57:43 - [TEST_STEP][PASSED] - verifyElementPresent(findTestObject("Login admin/Tittle ADMIN"), 0): Object 'Object Repository/Login admin/Tittle ADMIN' is present

2023-10-05 07:57:43 - [MESSAGE][WARNING] - Timeout '0' is invalid. Using default page load timeout: '30'

2023-10-05 07:57:43 - [MESSAGE][PASSED] - Object 'Object Repository/Login admin/Tittle ADMIN' is present

2023-10-05 07:57:43 - [TEST_STEP][PASSED] - setText(findTestObject("Login/input_Username, Email atau No. Handphone_a"), Username): Text 'admin' is set on object 'Object Repository/Login/input_Username, Email atau No. Handphone_a'

2023-10-05 07:57:44 - [MESSAGE][PASSED] - Text 'admin' is set on object 'Object Repository/Login/input_Username, Email atau No. Handphone_a'

2023-10-05 07:57:44 - [TEST_STEP][PASSED] - setText(findTestObject("Login/input_Password"), Password): Text '123admin123' is set on object 'Object Repository/Login/input_Password'

2023-10-05 07:57:44 - [MESSAGE][PASSED] - Text '123admin123' is set on object 'Object Repository/Login/input_Password'

2023-10-05 07:57:44 - [TEST_STEP][PASSED] - click(findTestObject("Login admin/buttom Remember Me")): Object: 'Object Repository/Login admin/buttom Remember Me' is clicked on

2023-10-05 07:57:45 - [MESSAGE][PASSED] - Object: 'Object Repository/Login admin/buttom Remember Me' is clicked on

2023-10-05 07:57:45 - [TEST_STEP][PASSED] - delay(10): Delayed 10 second(s)

2023-10-05 07:57:55 - [MESSAGE][PASSED] - Delayed 10 second(s)

2023-10-05 07:57:55 - [TEST_STEP][PASSED] - click(findTestObject("Login admin/buttom sign in")): Object: 'Object Repository/Login admin/buttom sign in' is clicked on

2023-10-05 07:57:56 - [MESSAGE][PASSED] - Object: 'Object Repository/Login admin/buttom sign in' is clicked on

2023-10-05 07:57:56 - [TEST_STEP][PASSED] - verifyElementPresent(findTestObject("Login admin/Tittle Dashboard"), 0): Object 'Object Repository/Login admin/Tittle Dashboard' is present

2023-10-05 07:57:56 - [MESSAGE][WARNING] - Timeout '0' is invalid. Using default page load timeout: '30'

2023-10-05 07:58:04 - [MESSAGE][PASSED] - Object 'Object Repository/Login admin/Tittle Dashboard' is present

2023-10-05 07:58:04 - [MESSAGE][PASSED] - Call Test Case 'Test Cases/Login/TC-Login Admin-Success-001' successfully

2023-10-05 07:58:04 - [TEST_STEP][PASSED] - click(findTestObject("Menu pencarian Toko admin/Menu Master Market")): Object: 'Object Repository/Menu pencarian Toko admin/Menu Master Market' is clicked on

2023-10-05 07:58:05 - [MESSAGE][PASSED] - Object: 'Object Repository/Menu pencarian Toko admin/Menu Master Market' is clicked on

2023-10-05 07:58:05 - [TEST_STEP][PASSED] - click(findTestObject("Menu pencarian Toko admin/Menu Reseller  Pelapak")): Object: 'Object Repository/Menu pencarian Toko admin/Menu Reseller  Pelapak' is clicked on

2023-10-05 07:58:06 - [MESSAGE][PASSED] - Object: 'Object Repository/Menu pencarian Toko admin/Menu Reseller  Pelapak' is clicked on

2023-10-05 07:58:06 - [TEST_STEP][PASSED] - setText(findTestObject("Menu pencarian Toko admin/input_Search_form"), "abc12zs"): Text 'abc12zs' is set on object 'Object Repository/Menu pencarian Toko admin/input_Search_form'

2023-10-05 07:58:12 - [MESSAGE][PASSED] - Text 'abc12zs' is set on object 'Object Repository/Menu pencarian Toko admin/input_Search_form'

2023-10-05 07:58:12 - [TEST_STEP][PASSED] - verifyElementText(findTestObject("Menu pencarian Toko admin/Massage Error"), "No matching records found"): Actual text and expected text of test object 'Object Repository/Menu pencarian Toko admin/Massage Error' are matched.

2023-10-05 07:58:12 - [MESSAGE][PASSED] - Actual text and expected text of test object 'Object Repository/Menu pencarian Toko admin/Massage Error' are matched.]]></system-out>
         <system-err><![CDATA[]]></system-err>
      </testcase>
      <testcase name="Test Cases/T05 Pencarian Toko/PTA-003" time="33.926" classname="Test Cases/T05 Pencarian Toko/PTA-003" status="PASSED">
         <system-out><![CDATA[2023-10-05 07:58:12 - [TEST_CASE][PASSED] - Test Cases/T05 Pencarian Toko/PTA-003: Test Cases/T05 Pencarian Toko/PTA-003

2023-10-05 07:58:13 - [TEST_STEP][PASSED] - callTestCase(findTestCase("Login/TC-Login Admin-Success-001"), ["Username":"admin", "Password":"123admin123"], STOP_ON_FAILURE): Call Test Case 'Test Cases/Login/TC-Login Admin-Success-001' successfully

2023-10-05 07:58:13 - [TEST_CASE][PASSED] - Test Cases/Login/TC-Login Admin-Success-001: Test Cases/Login/TC-Login Admin-Success-001

2023-10-05 07:58:13 - [TEST_STEP][PASSED] - openBrowser("https://10.9.2.63/ecommerce/administrator/"): Browser is opened with url: 'https://10.9.2.63/ecommerce/administrator/'

2023-10-05 07:58:13 - [MESSAGE][WARNING] - A browser is already opened. Closing browser and opening a new one

2023-10-05 07:58:14 - [MESSAGE][INFO] - Starting 'Firefox' driver

2023-10-05 07:58:14 - [MESSAGE][INFO] - Action delay is set to 0 milliseconds

2023-10-05 07:58:17 - [MESSAGE][PASSED] - Browser is opened with url: 'https://10.9.2.63/ecommerce/administrator/'

2023-10-05 07:58:17 - [TEST_STEP][PASSED] - maximizeWindow(): Current window maximized

2023-10-05 07:58:17 - [MESSAGE][PASSED] - Current window maximized

2023-10-05 07:58:17 - [TEST_STEP][PASSED] - verifyElementPresent(findTestObject("Login admin/Tittle ADMIN"), 0): Object 'Object Repository/Login admin/Tittle ADMIN' is present

2023-10-05 07:58:18 - [MESSAGE][WARNING] - Timeout '0' is invalid. Using default page load timeout: '30'

2023-10-05 07:58:18 - [MESSAGE][PASSED] - Object 'Object Repository/Login admin/Tittle ADMIN' is present

2023-10-05 07:58:18 - [TEST_STEP][PASSED] - setText(findTestObject("Login/input_Username, Email atau No. Handphone_a"), Username): Text 'admin' is set on object 'Object Repository/Login/input_Username, Email atau No. Handphone_a'

2023-10-05 07:58:18 - [MESSAGE][PASSED] - Text 'admin' is set on object 'Object Repository/Login/input_Username, Email atau No. Handphone_a'

2023-10-05 07:58:18 - [TEST_STEP][PASSED] - setText(findTestObject("Login/input_Password"), Password): Text '123admin123' is set on object 'Object Repository/Login/input_Password'

2023-10-05 07:58:19 - [MESSAGE][PASSED] - Text '123admin123' is set on object 'Object Repository/Login/input_Password'

2023-10-05 07:58:19 - [TEST_STEP][PASSED] - click(findTestObject("Login admin/buttom Remember Me")): Object: 'Object Repository/Login admin/buttom Remember Me' is clicked on

2023-10-05 07:58:20 - [MESSAGE][PASSED] - Object: 'Object Repository/Login admin/buttom Remember Me' is clicked on

2023-10-05 07:58:20 - [TEST_STEP][PASSED] - delay(10): Delayed 10 second(s)

2023-10-05 07:58:30 - [MESSAGE][PASSED] - Delayed 10 second(s)

2023-10-05 07:58:30 - [TEST_STEP][PASSED] - click(findTestObject("Login admin/buttom sign in")): Object: 'Object Repository/Login admin/buttom sign in' is clicked on

2023-10-05 07:58:31 - [MESSAGE][PASSED] - Object: 'Object Repository/Login admin/buttom sign in' is clicked on

2023-10-05 07:58:31 - [TEST_STEP][PASSED] - verifyElementPresent(findTestObject("Login admin/Tittle Dashboard"), 0): Object 'Object Repository/Login admin/Tittle Dashboard' is present

2023-10-05 07:58:31 - [MESSAGE][WARNING] - Timeout '0' is invalid. Using default page load timeout: '30'

2023-10-05 07:58:37 - [MESSAGE][PASSED] - Object 'Object Repository/Login admin/Tittle Dashboard' is present

2023-10-05 07:58:37 - [MESSAGE][PASSED] - Call Test Case 'Test Cases/Login/TC-Login Admin-Success-001' successfully

2023-10-05 07:58:37 - [TEST_STEP][PASSED] - click(findTestObject("Menu pencarian Toko admin/Menu Master Market")): Object: 'Object Repository/Menu pencarian Toko admin/Menu Master Market' is clicked on

2023-10-05 07:58:37 - [MESSAGE][PASSED] - Object: 'Object Repository/Menu pencarian Toko admin/Menu Master Market' is clicked on

2023-10-05 07:58:37 - [TEST_STEP][PASSED] - click(findTestObject("Menu pencarian Toko admin/Menu Reseller  Pelapak")): Object: 'Object Repository/Menu pencarian Toko admin/Menu Reseller  Pelapak' is clicked on

2023-10-05 07:58:39 - [MESSAGE][PASSED] - Object: 'Object Repository/Menu pencarian Toko admin/Menu Reseller  Pelapak' is clicked on

2023-10-05 07:58:39 - [TEST_STEP][PASSED] - setText(findTestObject("Menu pencarian Toko admin/input_Search_form"), nama_toko): Text '        Kerupuk husna' is set on object 'Object Repository/Menu pencarian Toko admin/input_Search_form'

2023-10-05 07:58:46 - [MESSAGE][PASSED] - Text '        Kerupuk husna' is set on object 'Object Repository/Menu pencarian Toko admin/input_Search_form'

2023-10-05 07:58:46 - [TEST_STEP][PASSED] - verifyTextPresent("Kerupuk husna", false): Text 'Kerupuk husna' is present on page 

2023-10-05 07:58:46 - [MESSAGE][PASSED] - Text 'Kerupuk husna' is present on page]]></system-out>
         <system-err><![CDATA[]]></system-err>
      </testcase>
      <testcase name="Test Cases/T05 Pencarian Toko/PTA-004" time="32.656" classname="Test Cases/T05 Pencarian Toko/PTA-004" status="PASSED">
         <system-out><![CDATA[2023-10-05 07:58:46 - [TEST_CASE][PASSED] - Test Cases/T05 Pencarian Toko/PTA-004: Test Cases/T05 Pencarian Toko/PTA-004

2023-10-05 07:58:47 - [TEST_STEP][PASSED] - callTestCase(findTestCase("Login/TC-Login Admin-Success-001"), ["Username":"admin", "Password":"123admin123"], STOP_ON_FAILURE): Call Test Case 'Test Cases/Login/TC-Login Admin-Success-001' successfully

2023-10-05 07:58:47 - [TEST_CASE][PASSED] - Test Cases/Login/TC-Login Admin-Success-001: Test Cases/Login/TC-Login Admin-Success-001

2023-10-05 07:58:47 - [TEST_STEP][PASSED] - openBrowser("https://10.9.2.63/ecommerce/administrator/"): Browser is opened with url: 'https://10.9.2.63/ecommerce/administrator/'

2023-10-05 07:58:47 - [MESSAGE][WARNING] - A browser is already opened. Closing browser and opening a new one

2023-10-05 07:58:48 - [MESSAGE][INFO] - Starting 'Firefox' driver

2023-10-05 07:58:48 - [MESSAGE][INFO] - Action delay is set to 0 milliseconds

2023-10-05 07:58:52 - [MESSAGE][PASSED] - Browser is opened with url: 'https://10.9.2.63/ecommerce/administrator/'

2023-10-05 07:58:52 - [TEST_STEP][PASSED] - maximizeWindow(): Current window maximized

2023-10-05 07:58:52 - [MESSAGE][PASSED] - Current window maximized

2023-10-05 07:58:52 - [TEST_STEP][PASSED] - verifyElementPresent(findTestObject("Login admin/Tittle ADMIN"), 0): Object 'Object Repository/Login admin/Tittle ADMIN' is present

2023-10-05 07:58:52 - [MESSAGE][WARNING] - Timeout '0' is invalid. Using default page load timeout: '30'

2023-10-05 07:58:53 - [MESSAGE][PASSED] - Object 'Object Repository/Login admin/Tittle ADMIN' is present

2023-10-05 07:58:53 - [TEST_STEP][PASSED] - setText(findTestObject("Login/input_Username, Email atau No. Handphone_a"), Username): Text 'admin' is set on object 'Object Repository/Login/input_Username, Email atau No. Handphone_a'

2023-10-05 07:58:53 - [MESSAGE][PASSED] - Text 'admin' is set on object 'Object Repository/Login/input_Username, Email atau No. Handphone_a'

2023-10-05 07:58:53 - [TEST_STEP][PASSED] - setText(findTestObject("Login/input_Password"), Password): Text '123admin123' is set on object 'Object Repository/Login/input_Password'

2023-10-05 07:58:54 - [MESSAGE][PASSED] - Text '123admin123' is set on object 'Object Repository/Login/input_Password'

2023-10-05 07:58:54 - [TEST_STEP][PASSED] - click(findTestObject("Login admin/buttom Remember Me")): Object: 'Object Repository/Login admin/buttom Remember Me' is clicked on

2023-10-05 07:58:54 - [MESSAGE][PASSED] - Object: 'Object Repository/Login admin/buttom Remember Me' is clicked on

2023-10-05 07:58:54 - [TEST_STEP][PASSED] - delay(10): Delayed 10 second(s)

2023-10-05 07:59:04 - [MESSAGE][PASSED] - Delayed 10 second(s)

2023-10-05 07:59:04 - [TEST_STEP][PASSED] - click(findTestObject("Login admin/buttom sign in")): Object: 'Object Repository/Login admin/buttom sign in' is clicked on

2023-10-05 07:59:06 - [MESSAGE][PASSED] - Object: 'Object Repository/Login admin/buttom sign in' is clicked on

2023-10-05 07:59:06 - [TEST_STEP][PASSED] - verifyElementPresent(findTestObject("Login admin/Tittle Dashboard"), 0): Object 'Object Repository/Login admin/Tittle Dashboard' is present

2023-10-05 07:59:06 - [MESSAGE][WARNING] - Timeout '0' is invalid. Using default page load timeout: '30'

2023-10-05 07:59:10 - [MESSAGE][PASSED] - Object 'Object Repository/Login admin/Tittle Dashboard' is present

2023-10-05 07:59:10 - [MESSAGE][PASSED] - Call Test Case 'Test Cases/Login/TC-Login Admin-Success-001' successfully

2023-10-05 07:59:10 - [TEST_STEP][PASSED] - click(findTestObject("Menu pencarian Toko admin/Menu Master Market")): Object: 'Object Repository/Menu pencarian Toko admin/Menu Master Market' is clicked on

2023-10-05 07:59:11 - [MESSAGE][PASSED] - Object: 'Object Repository/Menu pencarian Toko admin/Menu Master Market' is clicked on

2023-10-05 07:59:11 - [TEST_STEP][PASSED] - click(findTestObject("Menu pencarian Toko admin/Menu Reseller  Pelapak")): Object: 'Object Repository/Menu pencarian Toko admin/Menu Reseller  Pelapak' is clicked on

2023-10-05 07:59:13 - [MESSAGE][PASSED] - Object: 'Object Repository/Menu pencarian Toko admin/Menu Reseller  Pelapak' is clicked on

2023-10-05 07:59:13 - [TEST_STEP][PASSED] - setText(findTestObject("Menu pencarian Toko admin/input_Search_form"), nama_toko): Text 'KeRuPuk HuSnA' is set on object 'Object Repository/Menu pencarian Toko admin/input_Search_form'

2023-10-05 07:59:18 - [MESSAGE][PASSED] - Text 'KeRuPuk HuSnA' is set on object 'Object Repository/Menu pencarian Toko admin/input_Search_form'

2023-10-05 07:59:18 - [TEST_STEP][PASSED] - verifyTextPresent("Kerupuk husna", false): Text 'Kerupuk husna' is present on page 

2023-10-05 07:59:19 - [MESSAGE][PASSED] - Text 'Kerupuk husna' is present on page]]></system-out>
         <system-err><![CDATA[]]></system-err>
      </testcase>
      <system-out><![CDATA[2023-10-05 07:53:58 - [TEST_SUITE][FAILED] - pencarian toko: Test Cases/T05 Pencarian Toko/PT-004 FAILED.
Reason:
com.kms.katalon.core.exception.StepFailedException: Verify element text of test object 'Object Repository/Fitur search/Massage error' FAILED.
	at com.kms.katalon.core.webui.keyword.internal.WebUIKeywordMain.stepFailed(WebUIKeywordMain.groovy:64)
	at com.kms.katalon.core.webui.keyword.internal.WebUIKeywordMain.runKeyword(WebUIKeywordMain.groovy:26)
	at com.kms.katalon.core.webui.keyword.builtin.VerifyElementTextKeyword.verifyElementText(VerifyElementTextKeyword.groovy:72)
	at com.kms.katalon.core.webui.keyword.builtin.VerifyElementTextKeyword.execute(VerifyElementTextKeyword.groovy:40)
	at com.kms.katalon.core.keyword.internal.KeywordExecutor.executeKeywordForPlatform(KeywordExecutor.groovy:74)
	at com.kms.katalon.core.webui.keyword.WebUiBuiltInKeywords.verifyElementText(WebUiBuiltInKeywords.groovy:4749)
	at com.kms.katalon.core.webui.keyword.WebUiBuiltInKeywords$verifyElementText$5.call(Unknown Source)
	at PT-004.run(PT-004:26)
	at com.kms.katalon.core.main.ScriptEngine.run(ScriptEngine.java:194)
	at com.kms.katalon.core.main.ScriptEngine.runScriptAsRawText(ScriptEngine.java:119)
	at com.kms.katalon.core.main.TestCaseExecutor.runScript(TestCaseExecutor.java:448)
	at com.kms.katalon.core.main.TestCaseExecutor.doExecute(TestCaseExecutor.java:439)
	at com.kms.katalon.core.main.TestCaseExecutor.processExecutionPhase(TestCaseExecutor.java:418)
	at com.kms.katalon.core.main.TestCaseExecutor.accessMainPhase(TestCaseExecutor.java:410)
	at com.kms.katalon.core.main.TestCaseExecutor.execute(TestCaseExecutor.java:285)
	at com.kms.katalon.core.common.CommonExecutor.accessTestCaseMainPhase(CommonExecutor.java:65)
	at com.kms.katalon.core.main.TestSuiteExecutor.accessTestSuiteMainPhase(TestSuiteExecutor.java:148)
	at com.kms.katalon.core.main.TestSuiteExecutor.execute(TestSuiteExecutor.java:106)
	at com.kms.katalon.core.main.TestCaseMain.startTestSuite(TestCaseMain.java:187)
	at com.kms.katalon.core.main.TestCaseMain$startTestSuite$0.call(Unknown Source)
	at TempTestSuite1696467235645.run(TempTestSuite1696467235645.groovy:36)
Caused by: com.kms.katalon.core.exception.StepFailedException: Actual text '12>' and expected text ' isikan Nama toko yang benar' of test object 'Object Repository/Fitur search/Massage error' are NOT matched.
	at com.kms.katalon.core.webui.keyword.internal.WebUIKeywordMain.stepFailed(WebUIKeywordMain.groovy:64)
	at com.kms.katalon.core.webui.keyword.builtin.VerifyElementTextKeyword$_verifyElementText_closure1.doCall(VerifyElementTextKeyword.groovy:57)
	at com.kms.katalon.core.webui.keyword.builtin.VerifyElementTextKeyword$_verifyElementText_closure1.call(VerifyElementTextKeyword.groovy)
	at com.kms.katalon.core.webui.keyword.internal.WebUIKeywordMain.runKeyword(WebUIKeywordMain.groovy:20)
	... 19 more]]></system-out>
      <system-err><![CDATA[2023-10-05 07:53:58 - [TEST_SUITE][FAILED] - pencarian toko: Test Cases/T05 Pencarian Toko/PT-004 FAILED.
Reason:
com.kms.katalon.core.exception.StepFailedException: Verify element text of test object 'Object Repository/Fitur search/Massage error' FAILED.
	at com.kms.katalon.core.webui.keyword.internal.WebUIKeywordMain.stepFailed(WebUIKeywordMain.groovy:64)
	at com.kms.katalon.core.webui.keyword.internal.WebUIKeywordMain.runKeyword(WebUIKeywordMain.groovy:26)
	at com.kms.katalon.core.webui.keyword.builtin.VerifyElementTextKeyword.verifyElementText(VerifyElementTextKeyword.groovy:72)
	at com.kms.katalon.core.webui.keyword.builtin.VerifyElementTextKeyword.execute(VerifyElementTextKeyword.groovy:40)
	at com.kms.katalon.core.keyword.internal.KeywordExecutor.executeKeywordForPlatform(KeywordExecutor.groovy:74)
	at com.kms.katalon.core.webui.keyword.WebUiBuiltInKeywords.verifyElementText(WebUiBuiltInKeywords.groovy:4749)
	at com.kms.katalon.core.webui.keyword.WebUiBuiltInKeywords$verifyElementText$5.call(Unknown Source)
	at PT-004.run(PT-004:26)
	at com.kms.katalon.core.main.ScriptEngine.run(ScriptEngine.java:194)
	at com.kms.katalon.core.main.ScriptEngine.runScriptAsRawText(ScriptEngine.java:119)
	at com.kms.katalon.core.main.TestCaseExecutor.runScript(TestCaseExecutor.java:448)
	at com.kms.katalon.core.main.TestCaseExecutor.doExecute(TestCaseExecutor.java:439)
	at com.kms.katalon.core.main.TestCaseExecutor.processExecutionPhase(TestCaseExecutor.java:418)
	at com.kms.katalon.core.main.TestCaseExecutor.accessMainPhase(TestCaseExecutor.java:410)
	at com.kms.katalon.core.main.TestCaseExecutor.execute(TestCaseExecutor.java:285)
	at com.kms.katalon.core.common.CommonExecutor.accessTestCaseMainPhase(CommonExecutor.java:65)
	at com.kms.katalon.core.main.TestSuiteExecutor.accessTestSuiteMainPhase(TestSuiteExecutor.java:148)
	at com.kms.katalon.core.main.TestSuiteExecutor.execute(TestSuiteExecutor.java:106)
	at com.kms.katalon.core.main.TestCaseMain.startTestSuite(TestCaseMain.java:187)
	at com.kms.katalon.core.main.TestCaseMain$startTestSuite$0.call(Unknown Source)
	at TempTestSuite1696467235645.run(TempTestSuite1696467235645.groovy:36)
Caused by: com.kms.katalon.core.exception.StepFailedException: Actual text '12>' and expected text ' isikan Nama toko yang benar' of test object 'Object Repository/Fitur search/Massage error' are NOT matched.
	at com.kms.katalon.core.webui.keyword.internal.WebUIKeywordMain.stepFailed(WebUIKeywordMain.groovy:64)
	at com.kms.katalon.core.webui.keyword.builtin.VerifyElementTextKeyword$_verifyElementText_closure1.doCall(VerifyElementTextKeyword.groovy:57)
	at com.kms.katalon.core.webui.keyword.builtin.VerifyElementTextKeyword$_verifyElementText_closure1.call(VerifyElementTextKeyword.groovy)
	at com.kms.katalon.core.webui.keyword.internal.WebUIKeywordMain.runKeyword(WebUIKeywordMain.groovy:20)
	... 19 more]]></system-err>
   </testsuite>
</testsuites>
